#
# There is insufficient memory for the Java Runtime Environment to continue.
# Native memory allocation (mmap) failed to map 268435456 bytes for Failed to commit area from 0x0000000701400000 to 0x0000000711400000 of length 268435456.
# Possible reasons:
#   The system is out of physical RAM or swap space
#   The process is running with CompressedOops enabled, and the Java Heap may be blocking the growth of the native heap
# Possible solutions:
#   Reduce memory load on the system
#   Increase physical memory or swap space
#   Check if swap backing store is full
#   Decrease Java heap size (-Xmx/-Xms)
#   Decrease number of Java threads
#   Decrease Java thread stack sizes (-Xss)
#   Set larger code cache with -XX:ReservedCodeCacheSize=
#   JVM is running with Zero Based Compressed Oops mode in which the Java heap is
#     placed in the first 32GB address space. The Java Heap base address is the
#     maximum limit for the native heap growth. Please use -XX:HeapBaseMinAddress
#     to set the Java Heap base and to place the Java Heap above 32GB virtual address.
# This output file may be truncated or incomplete.
#
#  Out of Memory Error (./open/src/hotspot/os/windows/os_windows.cpp:3315), pid=940, tid=2732
#
# JRE version:  (14.0.2+12) (build )
# Java VM: Java HotSpot(TM) 64-Bit Server VM (14.0.2+12-46, mixed mode, sharing, tiered, compressed oops, g1 gc, windows-amd64)
# No core dump will be written. Minidumps are not enabled by default on client versions of Windows
#

---------------  S U M M A R Y ------------

Command Line: -Dclassworlds.conf=E:\NetBeans-12.4\netbeans\java\maven\bin\..\bin\m2.conf -Dmaven.home=E:\NetBeans-12.4\netbeans\java\maven\bin\.. -Dlibrary.jansi.path=E:\NetBeans-12.4\netbeans\java\maven\bin\..\lib\jansi-native -Dmaven.multiModuleProjectDirectory=C:\Users\tolot\Documents\GitHub\MBDBS7_TPT_272957 org.codehaus.plexus.classworlds.launcher.Launcher -Dmaven.ext.class.path=E:\NetBeans-12.4\netbeans\java\maven-nblib\netbeans-eventspy.jar -Dfile.encoding=UTF-8 clean install

Host: Intel(R) Core(TM) i7-4810MQ CPU @ 2.80GHz, 8 cores, 15G,  Windows 10 , 64 bit Build 19041 (10.0.19041.1023)
Time: Sat Jul  3 16:48:40 2021 Afrique de l’Est elapsed time: 0 seconds (0d 0h 0m 0s)

---------------  T H R E A D  ---------------

Current thread (0x0000016a8a7fb000):  JavaThread "Unknown thread" [_thread_in_vm, id=2732, stack(0x0000001805600000,0x0000001805700000)]

Stack: [0x0000001805600000,0x0000001805700000]
Native frames: (J=compiled Java code, j=interpreted, Vv=VM code, C=native code)
V  [jvm.dll+0x5f8a9a]
V  [jvm.dll+0x74247a]
V  [jvm.dll+0x743c2f]
V  [jvm.dll+0x744273]
V  [jvm.dll+0x20d288]
V  [jvm.dll+0x5f5dea]
V  [jvm.dll+0x5eac45]
V  [jvm.dll+0x2c7e9c]
V  [jvm.dll+0x2c7cd2]
V  [jvm.dll+0x2cdbbc]
V  [jvm.dll+0x313fe8]
V  [jvm.dll+0x313710]
V  [jvm.dll+0x2a092a]
V  [jvm.dll+0x2a1a79]
V  [jvm.dll+0x71fd48]
V  [jvm.dll+0x321c14]
V  [jvm.dll+0x70112c]
V  [jvm.dll+0x392def]
V  [jvm.dll+0x394e61]
C  [jli.dll+0x524b]
C  [ucrtbase.dll+0x21bb2]
C  [KERNEL32.DLL+0x17034]
C  [ntdll.dll+0x52651]


---------------  P R O C E S S  ---------------

Threads class SMR info:
_java_thread_list=0x00007ff886443038, length=0, elements={
}

Java Threads: ( => current thread )

Other Threads:
  0x0000016a8c9d5800 GCTaskThread "GC Thread#0" [stack: 0x0000001805700000,0x0000001805800000] [id=1312]
  0x0000016a8c9f8000 ConcurrentGCThread "G1 Main Marker" [stack: 0x0000001805800000,0x0000001805900000] [id=9436]
  0x0000016a8c9fa000 ConcurrentGCThread "G1 Conc#0" [stack: 0x0000001805900000,0x0000001805a00000] [id=14924]

[error occurred during error reporting (printing all threads), id 0xc0000005, EXCEPTION_ACCESS_VIOLATION (0xc0000005) at pc=0x00007ff885c71257]

VM state:not at safepoint (not fully initialized)

VM Mutex/Monitor currently owned by a thread:  ([mutex/lock_event])
[0x0000016a8c970150] Heap_lock - owner thread: 0x0000016a8a7fb000

Heap address: 0x0000000701400000, size: 4076 MB, Compressed Oops mode: Zero based, Oop shift amount: 3
Narrow klass base: 0x0000000000000000, Narrow klass shift: 0

GC Heap History (0 events):
No events

Deoptimization events (0 events):
No events

Classes unloaded (0 events):
No events

Classes redefined (0 events):
No events

Internal exceptions (0 events):
No events

Events (2 events):
Event: 0.006 Loaded shared library C:\Program Files\Java\jdk-14.0.2\bin\java.dll
Event: 0.006 Loaded shared library C:\Program Files\Java\jdk-14.0.2\bin\zip.dll


Dynamic libraries:
0x00007ff78c430000 - 0x00007ff78c43f000 	C:\Program Files\Java\jdk-14.0.2\bin\java.exe
0x00007ff8f7e10000 - 0x00007ff8f8005000 	C:\WINDOWS\SYSTEM32\ntdll.dll
0x00007ff8f7870000 - 0x00007ff8f792d000 	C:\WINDOWS\System32\KERNEL32.DLL
0x00007ff8f5aa0000 - 0x00007ff8f5d68000 	C:\WINDOWS\System32\KERNELBASE.dll
0x00007ff8f57d0000 - 0x00007ff8f58d0000 	C:\WINDOWS\System32\ucrtbase.dll
0x00007ff8e4f00000 - 0x00007ff8e4f15000 	C:\Program Files\Java\jdk-14.0.2\bin\VCRUNTIME140.dll
0x00007ff8bf370000 - 0x00007ff8bf388000 	C:\Program Files\Java\jdk-14.0.2\bin\jli.dll
0x00007ff8f76c0000 - 0x00007ff8f776c000 	C:\WINDOWS\System32\ADVAPI32.dll
0x00007ff8f77d0000 - 0x00007ff8f786e000 	C:\WINDOWS\System32\msvcrt.dll
0x00007ff8f7930000 - 0x00007ff8f79cb000 	C:\WINDOWS\System32\sechost.dll
0x00007ff8f79d0000 - 0x00007ff8f7afb000 	C:\WINDOWS\System32\RPCRT4.dll
0x00007ff8f7520000 - 0x00007ff8f76c0000 	C:\WINDOWS\System32\USER32.dll
0x00007ff8ea030000 - 0x00007ff8ea2ca000 	C:\WINDOWS\WinSxS\amd64_microsoft.windows.common-controls_6595b64144ccf1df_6.0.19041.1052_none_60b8f8fd71f5e8cb\COMCTL32.dll
0x00007ff8f57a0000 - 0x00007ff8f57c2000 	C:\WINDOWS\System32\win32u.dll
0x00007ff8f68d0000 - 0x00007ff8f68fa000 	C:\WINDOWS\System32\GDI32.dll
0x00007ff8f5d70000 - 0x00007ff8f5e7b000 	C:\WINDOWS\System32\gdi32full.dll
0x00007ff8f5920000 - 0x00007ff8f59bd000 	C:\WINDOWS\System32\msvcp_win.dll
0x00007ff8f07e0000 - 0x00007ff8f07ea000 	C:\WINDOWS\SYSTEM32\VERSION.dll
0x00007ff8f7b00000 - 0x00007ff8f7b30000 	C:\WINDOWS\System32\IMM32.DLL
0x00007ff8b8aa0000 - 0x00007ff8b8b3b000 	C:\Program Files\Java\jdk-14.0.2\bin\msvcp140.dll
0x00007ff8859c0000 - 0x00007ff8864de000 	C:\Program Files\Java\jdk-14.0.2\bin\server\jvm.dll
0x00007ff8f6be0000 - 0x00007ff8f6be8000 	C:\WINDOWS\System32\PSAPI.DLL
0x00007ff8ed680000 - 0x00007ff8ed6a7000 	C:\WINDOWS\SYSTEM32\WINMM.dll
0x00007ff8d86f0000 - 0x00007ff8d86f9000 	C:\WINDOWS\SYSTEM32\WSOCK32.dll
0x00007ff8f7cd0000 - 0x00007ff8f7d3b000 	C:\WINDOWS\System32\WS2_32.dll
0x00007ff8f3e70000 - 0x00007ff8f3e82000 	C:\WINDOWS\SYSTEM32\kernel.appcore.dll
0x00007ff8e5b90000 - 0x00007ff8e5b9a000 	C:\Program Files\Java\jdk-14.0.2\bin\jimage.dll
0x00007ff8e5e60000 - 0x00007ff8e6044000 	C:\WINDOWS\SYSTEM32\DBGHELP.DLL
0x00007ff8e5c90000 - 0x00007ff8e5cbc000 	C:\WINDOWS\SYSTEM32\dbgcore.DLL
0x00007ff8f5550000 - 0x00007ff8f55d3000 	C:\WINDOWS\System32\bcryptPrimitives.dll
0x00007ff8bf430000 - 0x00007ff8bf455000 	C:\Program Files\Java\jdk-14.0.2\bin\java.dll
0x00007ff8d6890000 - 0x00007ff8d68a6000 	C:\Program Files\Java\jdk-14.0.2\bin\zip.dll

dbghelp: loaded successfully - version: 4.0.5 - missing functions: none
symbol engine: initialized successfully - sym options: 0x614 - pdb path: .;C:\Program Files\Java\jdk-14.0.2\bin;C:\WINDOWS\SYSTEM32;C:\WINDOWS\WinSxS\amd64_microsoft.windows.common-controls_6595b64144ccf1df_6.0.19041.1052_none_60b8f8fd71f5e8cb;C:\Program Files\Java\jdk-14.0.2\bin\server

VM Arguments:
jvm_args: -Dclassworlds.conf=E:\NetBeans-12.4\netbeans\java\maven\bin\..\bin\m2.conf -Dmaven.home=E:\NetBeans-12.4\netbeans\java\maven\bin\.. -Dlibrary.jansi.path=E:\NetBeans-12.4\netbeans\java\maven\bin\..\lib\jansi-native -Dmaven.multiModuleProjectDirectory=C:\Users\tolot\Documents\GitHub\MBDBS7_TPT_272957 
java_command: org.codehaus.plexus.classworlds.launcher.Launcher -Dmaven.ext.class.path=E:\NetBeans-12.4\netbeans\java\maven-nblib\netbeans-eventspy.jar -Dfile.encoding=UTF-8 clean install
java_class_path (initial): E:\NetBeans-12.4\netbeans\java\maven\bin\..\boot\plexus-classworlds-2.6.0.jar
Launcher Type: SUN_STANDARD

[Global flags]
     intx CICompilerCount                          = 4                                         {product} {ergonomic}
     uint ConcGCThreads                            = 2                                         {product} {ergonomic}
     uint G1ConcRefinementThreads                  = 8                                         {product} {ergonomic}
   size_t G1HeapRegionSize                         = 1048576                                   {product} {ergonomic}
    uintx GCDrainStackTargetSize                   = 64                                        {product} {ergonomic}
   size_t InitialHeapSize                          = 268435456                                 {product} {ergonomic}
   size_t MarkStackSize                            = 4194304                                   {product} {ergonomic}
   size_t MaxHeapSize                              = 4273995776                                {product} {ergonomic}
   size_t MinHeapDeltaBytes                        = 1048576                                   {product} {ergonomic}
   size_t MinHeapSize                              = 8388608                                   {product} {ergonomic}
    uintx NonNMethodCodeHeapSize                   = 5839372                                {pd product} {ergonomic}
    uintx NonProfiledCodeHeapSize                  = 122909434                              {pd product} {ergonomic}
    uintx ProfiledCodeHeapSize                     = 122909434                              {pd product} {ergonomic}
    uintx ReservedCodeCacheSize                    = 251658240                              {pd product} {ergonomic}
     bool SegmentedCodeCache                       = true                                      {product} {ergonomic}
   size_t SoftMaxHeapSize                          = 4273995776                             {manageable} {ergonomic}
     bool UseCompressedClassPointers               = true                                 {lp64_product} {ergonomic}
     bool UseCompressedOops                        = true                                 {lp64_product} {ergonomic}
     bool UseG1GC                                  = true                                      {product} {ergonomic}
     bool UseLargePagesIndividualAllocation        = false                                  {pd product} {ergonomic}

Logging:
Log output configuration:
 #0: stdout all=warning uptime,level,tags
 #1: stderr all=off uptime,level,tags

Environment Variables:
JAVA_HOME=C:\Program Files\Java\jdk-14.0.2
PATH=C:\app\Tolotra\bin;C:\Program Files (x86)\Common Files\Oracle\Java\javapath;C:\Program Files\AdoptOpenJDK\jdk-11.0.9.101-hotspot\bin;C:\WINDOWS\system32;C:\WINDOWS;C:\WINDOWS\System32\Wbem;C:\WINDOWS\System32\WindowsPowerShell\v1.0\;C:\WINDOWS\System32\OpenSSH\;C:\Program Files\NVIDIA Corporation\NVIDIA NvDLISR;C:\Program Files\Microsoft SQL Server\130\Tools\Binn\;C:\Program Files\Microsoft SQL Server\Client SDK\ODBC\170\Tools\Binn\;C:\Program Files\nodejs\;C:\Program Files\Java\jdk-14.0.2\bin;C:\Program Files\PuTTY\;C:\grails\grails-4.0.5;C:\Program Files\Java\jdk-11.0.9.101-hotspot;C:\grails\grails-4.0.5\bin;C:\Program Files (x86)\Microsoft SQL Server\150\Tools\Binn\;C:\Program Files\Microsoft SQL Server\150\Tools\Binn\;C:\Program Files\Microsoft SQL Server\150\DTS\Binn\;C:\Program Files (x86)\Microsoft SQL Server\150\DTS\Binn\;C:\Program Files\Azure Data Studio\bin;C:\Program Files\Java\jdk1.8.0_281\bin;C:\Program Files\Git\cmd;C:\WINDOWS\system32;C:\WINDOWS;C:\WINDOWS\System32\Wbem;C:\WINDOWS\System32\WindowsPowerShell\v1.0\;C:\WINDOWS\System32\OpenSSH\;C:\Program Files\MySQL\MySQL Shell 8.0\bin\;C:\Users\tolot\AppData\Local\Microsoft\WindowsApps;C:\Users\tolot\AppData\Roaming\npm;C:\Program Files\Azure Data Studio\bin;C:\Users\tolot\AppData\Local\GitHubDesktop\bin;C:\Users\tolot\AppData\Local\Programs\Microsoft VS Code\bin
USERNAME=tolot
OS=Windows_NT
PROCESSOR_IDENTIFIER=Intel64 Family 6 Model 60 Stepping 3, GenuineIntel



---------------  S Y S T E M  ---------------

OS: Windows 10 , 64 bit Build 19041 (10.0.19041.1023)
OS uptime: 0 days 5:44 hours

CPU:total 8 (initial active 8) (4 cores per cpu, 2 threads per core) family 6 model 60 stepping 3, cmov, cx8, fxsr, mmx, sse, sse2, sse3, ssse3, sse4.1, sse4.2, popcnt, avx, avx2, aes, clmul, erms, lzcnt, ht, tsc, tscinvbit, bmi1, bmi2, fma

Memory: 4k page, system-wide physical 16302M (5607M free)
TotalPageFile size 20398M (AvailPageFile size 216M)
current process WorkingSet (physical memory assigned to process): 10M, peak: 10M
current process commit charge ("private bytes"): 61M, peak: 317M

vm_info: Java HotSpot(TM) 64-Bit Server VM (14.0.2+12-46) for windows-amd64 JRE (14.0.2+12-46), built on Jul  9 2020 00:35:52 by "mach5one" with MS VC++ 15.9 (VS2017)

END.
