#
# There is insufficient memory for the Java Runtime Environment to continue.
# Native memory allocation (mmap) failed to map 268435456 bytes for Failed to commit area from 0x0000000701400000 to 0x0000000711400000 of length 268435456.
# Possible reasons:
#   The system is out of physical RAM or swap space
#   The process is running with CompressedOops enabled, and the Java Heap may be blocking the growth of the native heap
# Possible solutions:
#   Reduce memory load on the system
#   Increase physical memory or swap space
#   Check if swap backing store is full
#   Decrease Java heap size (-Xmx/-Xms)
#   Decrease number of Java threads
#   Decrease Java thread stack sizes (-Xss)
#   Set larger code cache with -XX:ReservedCodeCacheSize=
#   JVM is running with Zero Based Compressed Oops mode in which the Java heap is
#     placed in the first 32GB address space. The Java Heap base address is the
#     maximum limit for the native heap growth. Please use -XX:HeapBaseMinAddress
#     to set the Java Heap base and to place the Java Heap above 32GB virtual address.
# This output file may be truncated or incomplete.
#
#  Out of Memory Error (./open/src/hotspot/os/windows/os_windows.cpp:3315), pid=9344, tid=5640
#
# JRE version:  (14.0.2+12) (build )
# Java VM: Java HotSpot(TM) 64-Bit Server VM (14.0.2+12-46, mixed mode, sharing, tiered, compressed oops, g1 gc, windows-amd64)
# No core dump will be written. Minidumps are not enabled by default on client versions of Windows
#

---------------  S U M M A R Y ------------

Command Line: C:\Users\tolot\AppData\Local\Temp\surefire17363407678863745089\surefirebooter5322193571122556224.jar C:\Users\tolot\AppData\Local\Temp\surefire17363407678863745089 2021-06-28T16-15-03_796-jvmRun1 surefire7623593071044179282tmp surefire_011920745221891388697tmp

Host: Intel(R) Core(TM) i7-4810MQ CPU @ 2.80GHz, 8 cores, 15G,  Windows 10 , 64 bit Build 19041 (10.0.19041.1023)
Time: Mon Jun 28 16:15:04 2021 Afrique de l’Est elapsed time: 0 seconds (0d 0h 0m 0s)

---------------  T H R E A D  ---------------

Current thread (0x0000027ebbccd000):  JavaThread "Unknown thread" [_thread_in_vm, id=5640, stack(0x0000008a0ed00000,0x0000008a0ee00000)]

Stack: [0x0000008a0ed00000,0x0000008a0ee00000]
Native frames: (J=compiled Java code, j=interpreted, Vv=VM code, C=native code)
V  [jvm.dll+0x5f8a9a]
V  [jvm.dll+0x74247a]
V  [jvm.dll+0x743c2f]
V  [jvm.dll+0x744273]
V  [jvm.dll+0x20d288]
V  [jvm.dll+0x5f5dea]
V  [jvm.dll+0x5eac45]
V  [jvm.dll+0x2c7e9c]
V  [jvm.dll+0x2c7cd2]
V  [jvm.dll+0x2cdbbc]
V  [jvm.dll+0x313fe8]
V  [jvm.dll+0x313710]
V  [jvm.dll+0x2a092a]
V  [jvm.dll+0x2a1a79]
V  [jvm.dll+0x71fd48]
V  [jvm.dll+0x321c14]
V  [jvm.dll+0x70112c]
V  [jvm.dll+0x392def]
V  [jvm.dll+0x394e61]
C  [jli.dll+0x524b]
C  [ucrtbase.dll+0x21bb2]
C  [KERNEL32.DLL+0x17034]
C  [ntdll.dll+0x52651]


---------------  P R O C E S S  ---------------

Threads class SMR info:
_java_thread_list=0x00007ffa00f33038, length=0, elements={
}

Java Threads: ( => current thread )

Other Threads:
  0x0000027ebbd34000 GCTaskThread "GC Thread#0" [stack: 0x0000008a0ee00000,0x0000008a0ef00000] [id=7656]
  0x0000027ebbd55800 ConcurrentGCThread "G1 Main Marker" [stack: 0x0000008a0ef00000,0x0000008a0f000000] [id=4204]
  0x0000027ebbd57800 ConcurrentGCThread "G1 Conc#0" [stack: 0x0000008a0f000000,0x0000008a0f100000] [id=14796]

[error occurred during error reporting (printing all threads), id 0xc0000005, EXCEPTION_ACCESS_VIOLATION (0xc0000005) at pc=0x00007ffa00761257]

VM state:not at safepoint (not fully initialized)

VM Mutex/Monitor currently owned by a thread:  ([mutex/lock_event])
[0x0000027ebbcc8b60] Heap_lock - owner thread: 0x0000027ebbccd000

Heap address: 0x0000000701400000, size: 4076 MB, Compressed Oops mode: Zero based, Oop shift amount: 3
Narrow klass base: 0x0000000000000000, Narrow klass shift: 0

GC Heap History (0 events):
No events

Deoptimization events (0 events):
No events

Classes unloaded (0 events):
No events

Classes redefined (0 events):
No events

Internal exceptions (0 events):
No events

Events (2 events):
Event: 0.006 Loaded shared library C:\Program Files\Java\jdk-14.0.2\bin\java.dll
Event: 0.006 Loaded shared library C:\Program Files\Java\jdk-14.0.2\bin\zip.dll


Dynamic libraries:
0x00007ff688140000 - 0x00007ff68814f000 	C:\Program Files\Java\jdk-14.0.2\bin\java.exe
0x00007ffa5ff90000 - 0x00007ffa60185000 	C:\WINDOWS\SYSTEM32\ntdll.dll
0x00007ffa5ec20000 - 0x00007ffa5ecdd000 	C:\WINDOWS\System32\KERNEL32.DLL
0x00007ffa5dd30000 - 0x00007ffa5dff8000 	C:\WINDOWS\System32\KERNELBASE.dll
0x00007ffa5da80000 - 0x00007ffa5db80000 	C:\WINDOWS\System32\ucrtbase.dll
0x00007ffa387a0000 - 0x00007ffa387b5000 	C:\Program Files\Java\jdk-14.0.2\bin\VCRUNTIME140.dll
0x00007ffa290f0000 - 0x00007ffa29108000 	C:\Program Files\Java\jdk-14.0.2\bin\jli.dll
0x00007ffa5f760000 - 0x00007ffa5f80c000 	C:\WINDOWS\System32\ADVAPI32.dll
0x00007ffa5f6b0000 - 0x00007ffa5f74e000 	C:\WINDOWS\System32\msvcrt.dll
0x00007ffa5fe50000 - 0x00007ffa5feeb000 	C:\WINDOWS\System32\sechost.dll
0x00007ffa5ea90000 - 0x00007ffa5ebbb000 	C:\WINDOWS\System32\RPCRT4.dll
0x00007ffa5fcb0000 - 0x00007ffa5fe50000 	C:\WINDOWS\System32\USER32.dll
0x00007ffa520a0000 - 0x00007ffa5233a000 	C:\WINDOWS\WinSxS\amd64_microsoft.windows.common-controls_6595b64144ccf1df_6.0.19041.1052_none_60b8f8fd71f5e8cb\COMCTL32.dll
0x00007ffa5db80000 - 0x00007ffa5dba2000 	C:\WINDOWS\System32\win32u.dll
0x00007ffa5e8e0000 - 0x00007ffa5e90a000 	C:\WINDOWS\System32\GDI32.dll
0x00007ffa5d970000 - 0x00007ffa5da7b000 	C:\WINDOWS\System32\gdi32full.dll
0x00007ffa5dc60000 - 0x00007ffa5dcfd000 	C:\WINDOWS\System32\msvcp_win.dll
0x00007ffa57000000 - 0x00007ffa5700a000 	C:\WINDOWS\SYSTEM32\VERSION.dll
0x00007ffa5fc80000 - 0x00007ffa5fcb0000 	C:\WINDOWS\System32\IMM32.DLL
0x00007ffa27ca0000 - 0x00007ffa27d3b000 	C:\Program Files\Java\jdk-14.0.2\bin\msvcp140.dll
0x00007ffa004b0000 - 0x00007ffa00fce000 	C:\Program Files\Java\jdk-14.0.2\bin\server\jvm.dll
0x00007ffa5ef30000 - 0x00007ffa5ef38000 	C:\WINDOWS\System32\PSAPI.DLL
0x00007ffa435e0000 - 0x00007ffa435e9000 	C:\WINDOWS\SYSTEM32\WSOCK32.dll
0x00007ffa55f80000 - 0x00007ffa55fa7000 	C:\WINDOWS\SYSTEM32\WINMM.dll
0x00007ffa5ece0000 - 0x00007ffa5ed4b000 	C:\WINDOWS\System32\WS2_32.dll
0x00007ffa5bff0000 - 0x00007ffa5c002000 	C:\WINDOWS\SYSTEM32\kernel.appcore.dll
0x00007ffa59150000 - 0x00007ffa5915a000 	C:\Program Files\Java\jdk-14.0.2\bin\jimage.dll
0x00007ffa4e3e0000 - 0x00007ffa4e5c4000 	C:\WINDOWS\SYSTEM32\DBGHELP.DLL
0x00007ffa4e020000 - 0x00007ffa4e04c000 	C:\WINDOWS\SYSTEM32\dbgcore.DLL
0x00007ffa5d720000 - 0x00007ffa5d7a3000 	C:\WINDOWS\System32\bcryptPrimitives.dll
0x00007ffa361a0000 - 0x00007ffa361c5000 	C:\Program Files\Java\jdk-14.0.2\bin\java.dll
0x00007ffa36960000 - 0x00007ffa36976000 	C:\Program Files\Java\jdk-14.0.2\bin\zip.dll

dbghelp: loaded successfully - version: 4.0.5 - missing functions: none
symbol engine: initialized successfully - sym options: 0x614 - pdb path: .;C:\Program Files\Java\jdk-14.0.2\bin;C:\WINDOWS\SYSTEM32;C:\WINDOWS\WinSxS\amd64_microsoft.windows.common-controls_6595b64144ccf1df_6.0.19041.1052_none_60b8f8fd71f5e8cb;C:\Program Files\Java\jdk-14.0.2\bin\server

VM Arguments:
java_command: C:\Users\tolot\AppData\Local\Temp\surefire17363407678863745089\surefirebooter5322193571122556224.jar C:\Users\tolot\AppData\Local\Temp\surefire17363407678863745089 2021-06-28T16-15-03_796-jvmRun1 surefire7623593071044179282tmp surefire_011920745221891388697tmp
java_class_path (initial): C:\Users\tolot\AppData\Local\Temp\surefire17363407678863745089\surefirebooter5322193571122556224.jar
Launcher Type: SUN_STANDARD

[Global flags]
     intx CICompilerCount                          = 4                                         {product} {ergonomic}
     uint ConcGCThreads                            = 2                                         {product} {ergonomic}
     uint G1ConcRefinementThreads                  = 8                                         {product} {ergonomic}
   size_t G1HeapRegionSize                         = 1048576                                   {product} {ergonomic}
    uintx GCDrainStackTargetSize                   = 64                                        {product} {ergonomic}
   size_t InitialHeapSize                          = 268435456                                 {product} {ergonomic}
   size_t MarkStackSize                            = 4194304                                   {product} {ergonomic}
   size_t MaxHeapSize                              = 4273995776                                {product} {ergonomic}
   size_t MinHeapDeltaBytes                        = 1048576                                   {product} {ergonomic}
   size_t MinHeapSize                              = 8388608                                   {product} {ergonomic}
    uintx NonNMethodCodeHeapSize                   = 5839372                                {pd product} {ergonomic}
    uintx NonProfiledCodeHeapSize                  = 122909434                              {pd product} {ergonomic}
    uintx ProfiledCodeHeapSize                     = 122909434                              {pd product} {ergonomic}
    uintx ReservedCodeCacheSize                    = 251658240                              {pd product} {ergonomic}
     bool SegmentedCodeCache                       = true                                      {product} {ergonomic}
   size_t SoftMaxHeapSize                          = 4273995776                             {manageable} {ergonomic}
     bool UseCompressedClassPointers               = true                                 {lp64_product} {ergonomic}
     bool UseCompressedOops                        = true                                 {lp64_product} {ergonomic}
     bool UseG1GC                                  = true                                      {product} {ergonomic}
     bool UseLargePagesIndividualAllocation        = false                                  {pd product} {ergonomic}

Logging:
Log output configuration:
 #0: stdout all=warning uptime,level,tags
 #1: stderr all=off uptime,level,tags

Environment Variables:
JAVA_HOME=C:\Program Files\Java\jdk-14.0.2
PATH=C:\app\Tolotra\bin;C:\Program Files (x86)\Common Files\Oracle\Java\javapath;C:\Program Files\AdoptOpenJDK\jdk-11.0.9.101-hotspot\bin;C:\WINDOWS\system32;C:\WINDOWS;C:\WINDOWS\System32\Wbem;C:\WINDOWS\System32\WindowsPowerShell\v1.0\;C:\WINDOWS\System32\OpenSSH\;C:\Program Files\NVIDIA Corporation\NVIDIA NvDLISR;C:\Program Files\Microsoft SQL Server\130\Tools\Binn\;C:\Program Files\Microsoft SQL Server\Client SDK\ODBC\170\Tools\Binn\;C:\Program Files\nodejs\;C:\Program Files\Java\jdk-14.0.2\bin;C:\Program Files\PuTTY\;C:\grails\grails-4.0.5;C:\Program Files\Java\jdk-11.0.9.101-hotspot;C:\grails\grails-4.0.5\bin;C:\Program Files (x86)\Microsoft SQL Server\150\Tools\Binn\;C:\Program Files\Microsoft SQL Server\150\Tools\Binn\;C:\Program Files\Microsoft SQL Server\150\DTS\Binn\;C:\Program Files (x86)\Microsoft SQL Server\150\DTS\Binn\;C:\Program Files\Azure Data Studio\bin;C:\Program Files\Java\jdk1.8.0_281\bin;C:\Program Files\Git\cmd;C:\WINDOWS\system32;C:\WINDOWS;C:\WINDOWS\System32\Wbem;C:\WINDOWS\System32\WindowsPowerShell\v1.0\;C:\WINDOWS\System32\OpenSSH\;C:\Program Files\MySQL\MySQL Shell 8.0\bin\;C:\Users\tolot\AppData\Local\Microsoft\WindowsApps;C:\Users\tolot\AppData\Roaming\npm;C:\Program Files\Azure Data Studio\bin;C:\Users\tolot\AppData\Local\GitHubDesktop\bin;C:\Users\tolot\AppData\Local\Programs\Microsoft VS Code\bin
USERNAME=tolot
OS=Windows_NT
PROCESSOR_IDENTIFIER=Intel64 Family 6 Model 60 Stepping 3, GenuineIntel



---------------  S Y S T E M  ---------------

OS: Windows 10 , 64 bit Build 19041 (10.0.19041.1023)
OS uptime: 0 days 5:28 hours

CPU:total 8 (initial active 8) (4 cores per cpu, 2 threads per core) family 6 model 60 stepping 3, cmov, cx8, fxsr, mmx, sse, sse2, sse3, ssse3, sse4.1, sse4.2, popcnt, avx, avx2, aes, clmul, erms, lzcnt, ht, tsc, tscinvbit, bmi1, bmi2, fma

Memory: 4k page, system-wide physical 16302M (5281M free)
TotalPageFile size 20398M (AvailPageFile size 159M)
current process WorkingSet (physical memory assigned to process): 10M, peak: 10M
current process commit charge ("private bytes"): 61M, peak: 316M

vm_info: Java HotSpot(TM) 64-Bit Server VM (14.0.2+12-46) for windows-amd64 JRE (14.0.2+12-46), built on Jul  9 2020 00:35:52 by "mach5one" with MS VC++ 15.9 (VS2017)

END.
