#
# There is insufficient memory for the Java Runtime Environment to continue.
# Native memory allocation (malloc) failed to allocate 1048576 bytes for AllocateHeap
# Possible reasons:
#   The system is out of physical RAM or swap space
#   The process is running with CompressedOops enabled, and the Java Heap may be blocking the growth of the native heap
# Possible solutions:
#   Reduce memory load on the system
#   Increase physical memory or swap space
#   Check if swap backing store is full
#   Decrease Java heap size (-Xmx/-Xms)
#   Decrease number of Java threads
#   Decrease Java thread stack sizes (-Xss)
#   Set larger code cache with -XX:ReservedCodeCacheSize=
#   JVM is running with Zero Based Compressed Oops mode in which the Java heap is
#     placed in the first 32GB address space. The Java Heap base address is the
#     maximum limit for the native heap growth. Please use -XX:HeapBaseMinAddress
#     to set the Java Heap base and to place the Java Heap above 32GB virtual address.
# This output file may be truncated or incomplete.
#
#  Out of Memory Error (./open/src/hotspot/share/memory/allocation.cpp:44), pid=16160, tid=1768
#
# JRE version: Java(TM) SE Runtime Environment (14.0.2+12) (build 14.0.2+12-46)
# Java VM: Java HotSpot(TM) 64-Bit Server VM (14.0.2+12-46, mixed mode, sharing, tiered, compressed oops, g1 gc, windows-amd64)
# No core dump will be written. Minidumps are not enabled by default on client versions of Windows
#

---------------  S U M M A R Y ------------

Command Line: C:\Users\tolot\AppData\Local\Temp\surefire11079135965040756885\surefirebooter954497265494426767.jar C:\Users\tolot\AppData\Local\Temp\surefire11079135965040756885 2021-06-17T14-37-12_700-jvmRun1 surefire18026889190234063352tmp surefire_017770692796940529366tmp

Host: Intel(R) Core(TM) i7-4810MQ CPU @ 2.80GHz, 8 cores, 15G,  Windows 10 , 64 bit Build 19041 (10.0.19041.1023)
Time: Thu Jun 17 14:37:14 2021 Afrique de l’Est elapsed time: 1 seconds (0d 0h 0m 1s)

---------------  T H R E A D  ---------------

Current thread (0x000002547f696000):  VMThread "VM Thread" [stack: 0x000000abbcb00000,0x000000abbcc00000] [id=1768]

Stack: [0x000000abbcb00000,0x000000abbcc00000]
[error occurred during error reporting (printing stack bounds), id 0xc0000005, EXCEPTION_ACCESS_VIOLATION (0xc0000005) at pc=0x00000254000010ad]

Native frames: (J=compiled Java code, j=interpreted, Vv=VM code, C=native code)
V  [jvm.dll+0x5f8a9a]
V  [jvm.dll+0x74247a]
V  [jvm.dll+0x743c2f]
V  [jvm.dll+0x7441d5]
V  [jvm.dll+0x74418b]
V  [jvm.dll+0x5f7f6f]
V  [jvm.dll+0x5f8738]
C  [ntdll.dll+0xa217f]
C  [ntdll.dll+0x51454]
C  [ntdll.dll+0xa0cae]
C  0x00000254000010ad

VM_Operation (0x000000abbdff7180): CollectForMetadataAllocation, mode: safepoint, requested by thread 0x000002541087a800


---------------  P R O C E S S  ---------------

Threads class SMR info:
_java_thread_list=0x00000254102dfac0, length=15, elements={
0x000002546a02a800, 0x000002547f697000, 0x000002547f698000, 0x000002547f6b1800,
0x000002547f6b5000, 0x000002547f6b9000, 0x000002547f6ba800, 0x000002547f6c8800,
0x000002547f6f3800, 0x000002547f82e800, 0x000002547f847800, 0x000002547f8cd800,
0x000002547f98a800, 0x000002547f9a6000, 0x000002541087a800
}

Java Threads: ( => current thread )
  0x000002546a02a800 JavaThread "main" [_thread_blocked, id=15572, stack(0x000000abbc500000,0x000000abbc600000)]
  0x000002547f697000 JavaThread "Reference Handler" daemon [_thread_blocked, id=15168, stack(0x000000abbcc00000,0x000000abbcd00000)]
  0x000002547f698000 JavaThread "Finalizer" daemon [_thread_blocked, id=15880, stack(0x000000abbcd00000,0x000000abbce00000)]
  0x000002547f6b1800 JavaThread "Signal Dispatcher" daemon [_thread_blocked, id=12568, stack(0x000000abbce00000,0x000000abbcf00000)]
  0x000002547f6b5000 JavaThread "Attach Listener" daemon [_thread_blocked, id=15728, stack(0x000000abbcf00000,0x000000abbd000000)]
  0x000002547f6b9000 JavaThread "Service Thread" daemon [_thread_blocked, id=15736, stack(0x000000abbd000000,0x000000abbd100000)]
  0x000002547f6ba800 JavaThread "C2 CompilerThread0" daemon [_thread_blocked, id=15732, stack(0x000000abbd100000,0x000000abbd200000)]
  0x000002547f6c8800 JavaThread "C1 CompilerThread0" daemon [_thread_blocked, id=13784, stack(0x000000abbd200000,0x000000abbd300000)]
  0x000002547f6f3800 JavaThread "Sweeper thread" daemon [_thread_blocked, id=15792, stack(0x000000abbd300000,0x000000abbd400000)]
  0x000002547f82e800 JavaThread "Notification Thread" daemon [_thread_blocked, id=15788, stack(0x000000abbd400000,0x000000abbd500000)]
  0x000002547f847800 JavaThread "Common-Cleaner" daemon [_thread_blocked, id=1584, stack(0x000000abbd600000,0x000000abbd700000)]
  0x000002547f8cd800 JavaThread "surefire-forkedjvm-command-thread" daemon [_thread_in_native, id=13776, stack(0x000000abbd700000,0x000000abbd800000)]
  0x000002547f98a800 JavaThread "surefire-forkedjvm-ping-30s" daemon [_thread_blocked, id=16028, stack(0x000000abbd800000,0x000000abbd900000)]
  0x000002547f9a6000 JavaThread "C2 CompilerThread1" daemon [_thread_blocked, id=4236, stack(0x000000abbd900000,0x000000abbda00000)]
  0x000002541087a800 JavaThread "background-preinit" [_thread_blocked, id=14776, stack(0x000000abbdf00000,0x000000abbe000000)]

Other Threads:
=>0x000002547f696000 VMThread "VM Thread" [stack: 0x000000abbcb00000,0x000000abbcc00000] [id=1768]
  0x000002547f831800 WatcherThread [stack: 0x000000abbd500000,0x000000abbd600000] [id=16224]
  0x000002546a094000 GCTaskThread "GC Thread#0" [stack: 0x000000abbc600000,0x000000abbc700000] [id=12340]
  0x000002540fa18800 GCTaskThread "GC Thread#1" [stack: 0x000000abbda00000,0x000000abbdb00000] [id=3704]
  0x000002540fb7d800 GCTaskThread "GC Thread#2" [stack: 0x000000abbdb00000,0x000000abbdc00000] [id=7452]
  0x000002540fb7e000 GCTaskThread "GC Thread#3" [stack: 0x000000abbdc00000,0x000000abbdd00000] [id=2356]
  0x000002540fb7e800 GCTaskThread "GC Thread#4" [stack: 0x000000abbdd00000,0x000000abbde00000] [id=14572]
  0x000002540fb7f800 GCTaskThread "GC Thread#5" [stack: 0x000000abbde00000,0x000000abbdf00000] [id=11636]
  0x000002546a0b6000 ConcurrentGCThread "G1 Main Marker" [stack: 0x000000abbc700000,0x000000abbc800000] [id=15296]
  0x000002546a0b7000 ConcurrentGCThread "G1 Conc#0" [stack: 0x000000abbc800000,0x000000abbc900000] [id=8764]
  0x00000254102db800 ConcurrentGCThread "G1 Conc#1" [stack: 0x000000abbe000000,0x000000abbe100000] [id=560]
  0x000002547ecf5800 ConcurrentGCThread "G1 Refine#0" [stack: 0x000000abbc900000,0x000000abbca00000] [id=15444]
  0x000002547ecf6800 ConcurrentGCThread "G1 Young RemSet Sampling" [stack: 0x000000abbca00000,0x000000abbcb00000] [id=16012]

Threads with active compile tasks:
C2 CompilerThread0     1314 1985  s!   4       jdk.internal.loader.URLClassPath::getLoader (194 bytes)

VM state:at safepoint (normal execution)

VM Mutex/Monitor currently owned by a thread:  ([mutex/lock_event])
[0x000002546a027130] Threads_lock - owner thread: 0x000002547f696000
[0x000002546a025f30] Heap_lock - owner thread: 0x000002541087a800

Heap address: 0x0000000701400000, size: 4076 MB, Compressed Oops mode: Zero based, Oop shift amount: 3
Narrow klass base: 0x0000000800000000, Narrow klass shift: 3
Compressed class space size: 1073741824 Address: 0x0000000800b30000

Heap:
 garbage-first heap   total 262144K, used 9062K [0x0000000701400000, 0x0000000800000000)
  region size 1024K, 4 young (4096K), 4 survivors (4096K)
 Metaspace       used 17904K, capacity 18670K, committed 18816K, reserved 1073152K
  class space    used 2267K, capacity 2571K, committed 2688K, reserved 1048576K
Heap Regions: E=young(eden), S=young(survivor), O=old, HS=humongous(starts), HC=humongous(continues), CS=collection set, F=free, OA=open archive, CA=closed archive, TAMS=top-at-mark-start (previous, next)
|   0|0x0000000701400000, 0x0000000701500000, 0x0000000701500000|100%| O|  |TAMS 0x0000000701400000, 0x0000000701500000| Untracked 
|   1|0x0000000701500000, 0x0000000701600000, 0x0000000701600000|100%| O|  |TAMS 0x0000000701500000, 0x0000000701600000| Untracked 
|   2|0x0000000701600000, 0x0000000701700000, 0x0000000701700000|100%| O|  |TAMS 0x0000000701600000, 0x0000000701700000| Untracked 
|   3|0x0000000701700000, 0x0000000701800000, 0x0000000701800000|100%| O|  |TAMS 0x0000000701700000, 0x0000000701800000| Untracked 
|   4|0x0000000701800000, 0x0000000701900000, 0x0000000701900000|100%| O|  |TAMS 0x0000000701800000, 0x0000000701900000| Untracked 
|   5|0x0000000701900000, 0x00000007019d0000, 0x0000000701a00000| 81%| O|  |TAMS 0x0000000701900000, 0x00000007019d0000| Untracked 
|   6|0x0000000701a00000, 0x0000000701a00000, 0x0000000701b00000|  0%| F|  |TAMS 0x0000000701a00000, 0x0000000701a00000| Untracked 
|   7|0x0000000701b00000, 0x0000000701b00000, 0x0000000701c00000|  0%| F|  |TAMS 0x0000000701b00000, 0x0000000701b00000| Untracked 
|   8|0x0000000701c00000, 0x0000000701c00000, 0x0000000701d00000|  0%| F|  |TAMS 0x0000000701c00000, 0x0000000701c00000| Untracked 
|   9|0x0000000701d00000, 0x0000000701d00000, 0x0000000701e00000|  0%| F|  |TAMS 0x0000000701d00000, 0x0000000701d00000| Untracked 
|  10|0x0000000701e00000, 0x0000000701e00000, 0x0000000701f00000|  0%| F|  |TAMS 0x0000000701e00000, 0x0000000701e00000| Untracked 
|  11|0x0000000701f00000, 0x0000000701f00000, 0x0000000702000000|  0%| F|  |TAMS 0x0000000701f00000, 0x0000000701f00000| Untracked 
|  12|0x0000000702000000, 0x0000000702000000, 0x0000000702100000|  0%| F|  |TAMS 0x0000000702000000, 0x0000000702000000| Untracked 
|  13|0x0000000702100000, 0x0000000702100000, 0x0000000702200000|  0%| F|  |TAMS 0x0000000702100000, 0x0000000702100000| Untracked 
|  14|0x0000000702200000, 0x0000000702200000, 0x0000000702300000|  0%| F|  |TAMS 0x0000000702200000, 0x0000000702200000| Untracked 
|  15|0x0000000702300000, 0x0000000702300000, 0x0000000702400000|  0%| F|  |TAMS 0x0000000702300000, 0x0000000702300000| Untracked 
|  16|0x0000000702400000, 0x0000000702400000, 0x0000000702500000|  0%| F|  |TAMS 0x0000000702400000, 0x0000000702400000| Untracked 
|  17|0x0000000702500000, 0x0000000702500000, 0x0000000702600000|  0%| F|  |TAMS 0x0000000702500000, 0x0000000702500000| Untracked 
|  18|0x0000000702600000, 0x0000000702600000, 0x0000000702700000|  0%| F|  |TAMS 0x0000000702600000, 0x0000000702600000| Untracked 
|  19|0x0000000702700000, 0x0000000702700000, 0x0000000702800000|  0%| F|  |TAMS 0x0000000702700000, 0x0000000702700000| Untracked 
|  20|0x0000000702800000, 0x0000000702800000, 0x0000000702900000|  0%| F|  |TAMS 0x0000000702800000, 0x0000000702800000| Untracked 
|  21|0x0000000702900000, 0x0000000702900000, 0x0000000702a00000|  0%| F|  |TAMS 0x0000000702900000, 0x0000000702900000| Untracked 
|  22|0x0000000702a00000, 0x0000000702a00000, 0x0000000702b00000|  0%| F|  |TAMS 0x0000000702a00000, 0x0000000702a00000| Untracked 
|  23|0x0000000702b00000, 0x0000000702b00000, 0x0000000702c00000|  0%| F|  |TAMS 0x0000000702b00000, 0x0000000702b00000| Untracked 
|  24|0x0000000702c00000, 0x0000000702c00000, 0x0000000702d00000|  0%| F|  |TAMS 0x0000000702c00000, 0x0000000702c00000| Untracked 
|  25|0x0000000702d00000, 0x0000000702d00000, 0x0000000702e00000|  0%| F|  |TAMS 0x0000000702d00000, 0x0000000702d00000| Untracked 
|  26|0x0000000702e00000, 0x0000000702e00000, 0x0000000702f00000|  0%| F|  |TAMS 0x0000000702e00000, 0x0000000702e00000| Untracked 
|  27|0x0000000702f00000, 0x0000000702f00000, 0x0000000703000000|  0%| F|  |TAMS 0x0000000702f00000, 0x0000000702f00000| Untracked 
|  28|0x0000000703000000, 0x0000000703000000, 0x0000000703100000|  0%| F|  |TAMS 0x0000000703000000, 0x0000000703000000| Untracked 
|  29|0x0000000703100000, 0x0000000703100000, 0x0000000703200000|  0%| F|  |TAMS 0x0000000703100000, 0x0000000703100000| Untracked 
|  30|0x0000000703200000, 0x0000000703200000, 0x0000000703300000|  0%| F|  |TAMS 0x0000000703200000, 0x0000000703200000| Untracked 
|  31|0x0000000703300000, 0x0000000703300000, 0x0000000703400000|  0%| F|  |TAMS 0x0000000703300000, 0x0000000703300000| Untracked 
|  32|0x0000000703400000, 0x0000000703400000, 0x0000000703500000|  0%| F|  |TAMS 0x0000000703400000, 0x0000000703400000| Untracked 
|  33|0x0000000703500000, 0x0000000703500000, 0x0000000703600000|  0%| F|  |TAMS 0x0000000703500000, 0x0000000703500000| Untracked 
|  34|0x0000000703600000, 0x0000000703600000, 0x0000000703700000|  0%| F|  |TAMS 0x0000000703600000, 0x0000000703600000| Untracked 
|  35|0x0000000703700000, 0x0000000703700000, 0x0000000703800000|  0%| F|  |TAMS 0x0000000703700000, 0x0000000703700000| Untracked 
|  36|0x0000000703800000, 0x0000000703800000, 0x0000000703900000|  0%| F|  |TAMS 0x0000000703800000, 0x0000000703800000| Untracked 
|  37|0x0000000703900000, 0x0000000703900000, 0x0000000703a00000|  0%| F|  |TAMS 0x0000000703900000, 0x0000000703900000| Untracked 
|  38|0x0000000703a00000, 0x0000000703a00000, 0x0000000703b00000|  0%| F|  |TAMS 0x0000000703a00000, 0x0000000703a00000| Untracked 
|  39|0x0000000703b00000, 0x0000000703b00000, 0x0000000703c00000|  0%| F|  |TAMS 0x0000000703b00000, 0x0000000703b00000| Untracked 
|  40|0x0000000703c00000, 0x0000000703c00000, 0x0000000703d00000|  0%| F|  |TAMS 0x0000000703c00000, 0x0000000703c00000| Untracked 
|  41|0x0000000703d00000, 0x0000000703d00000, 0x0000000703e00000|  0%| F|  |TAMS 0x0000000703d00000, 0x0000000703d00000| Untracked 
|  42|0x0000000703e00000, 0x0000000703e00000, 0x0000000703f00000|  0%| F|  |TAMS 0x0000000703e00000, 0x0000000703e00000| Untracked 
|  43|0x0000000703f00000, 0x0000000703f00000, 0x0000000704000000|  0%| F|  |TAMS 0x0000000703f00000, 0x0000000703f00000| Untracked 
|  44|0x0000000704000000, 0x0000000704000000, 0x0000000704100000|  0%| F|  |TAMS 0x0000000704000000, 0x0000000704000000| Untracked 
|  45|0x0000000704100000, 0x0000000704100000, 0x0000000704200000|  0%| F|  |TAMS 0x0000000704100000, 0x0000000704100000| Untracked 
|  46|0x0000000704200000, 0x0000000704200000, 0x0000000704300000|  0%| F|  |TAMS 0x0000000704200000, 0x0000000704200000| Untracked 
|  47|0x0000000704300000, 0x0000000704300000, 0x0000000704400000|  0%| F|  |TAMS 0x0000000704300000, 0x0000000704300000| Untracked 
|  48|0x0000000704400000, 0x0000000704400000, 0x0000000704500000|  0%| F|  |TAMS 0x0000000704400000, 0x0000000704400000| Untracked 
|  49|0x0000000704500000, 0x0000000704500000, 0x0000000704600000|  0%| F|  |TAMS 0x0000000704500000, 0x0000000704500000| Untracked 
|  50|0x0000000704600000, 0x0000000704600000, 0x0000000704700000|  0%| F|  |TAMS 0x0000000704600000, 0x0000000704600000| Untracked 
|  51|0x0000000704700000, 0x0000000704700000, 0x0000000704800000|  0%| F|  |TAMS 0x0000000704700000, 0x0000000704700000| Untracked 
|  52|0x0000000704800000, 0x0000000704800000, 0x0000000704900000|  0%| F|  |TAMS 0x0000000704800000, 0x0000000704800000| Untracked 
|  53|0x0000000704900000, 0x0000000704900000, 0x0000000704a00000|  0%| F|  |TAMS 0x0000000704900000, 0x0000000704900000| Untracked 
|  54|0x0000000704a00000, 0x0000000704a00000, 0x0000000704b00000|  0%| F|  |TAMS 0x0000000704a00000, 0x0000000704a00000| Untracked 
|  55|0x0000000704b00000, 0x0000000704b00000, 0x0000000704c00000|  0%| F|  |TAMS 0x0000000704b00000, 0x0000000704b00000| Untracked 
|  56|0x0000000704c00000, 0x0000000704c00000, 0x0000000704d00000|  0%| F|  |TAMS 0x0000000704c00000, 0x0000000704c00000| Untracked 
|  57|0x0000000704d00000, 0x0000000704d00000, 0x0000000704e00000|  0%| F|  |TAMS 0x0000000704d00000, 0x0000000704d00000| Untracked 
|  58|0x0000000704e00000, 0x0000000704e00000, 0x0000000704f00000|  0%| F|  |TAMS 0x0000000704e00000, 0x0000000704e00000| Untracked 
|  59|0x0000000704f00000, 0x0000000704f00000, 0x0000000705000000|  0%| F|  |TAMS 0x0000000704f00000, 0x0000000704f00000| Untracked 
|  60|0x0000000705000000, 0x0000000705000000, 0x0000000705100000|  0%| F|  |TAMS 0x0000000705000000, 0x0000000705000000| Untracked 
|  61|0x0000000705100000, 0x0000000705100000, 0x0000000705200000|  0%| F|  |TAMS 0x0000000705100000, 0x0000000705100000| Untracked 
|  62|0x0000000705200000, 0x0000000705200000, 0x0000000705300000|  0%| F|  |TAMS 0x0000000705200000, 0x0000000705200000| Untracked 
|  63|0x0000000705300000, 0x0000000705300000, 0x0000000705400000|  0%| F|  |TAMS 0x0000000705300000, 0x0000000705300000| Untracked 
|  64|0x0000000705400000, 0x0000000705400000, 0x0000000705500000|  0%| F|  |TAMS 0x0000000705400000, 0x0000000705400000| Untracked 
|  65|0x0000000705500000, 0x0000000705500000, 0x0000000705600000|  0%| F|  |TAMS 0x0000000705500000, 0x0000000705500000| Untracked 
|  66|0x0000000705600000, 0x0000000705600000, 0x0000000705700000|  0%| F|  |TAMS 0x0000000705600000, 0x0000000705600000| Untracked 
|  67|0x0000000705700000, 0x0000000705700000, 0x0000000705800000|  0%| F|  |TAMS 0x0000000705700000, 0x0000000705700000| Untracked 
|  68|0x0000000705800000, 0x0000000705800000, 0x0000000705900000|  0%| F|  |TAMS 0x0000000705800000, 0x0000000705800000| Untracked 
|  69|0x0000000705900000, 0x0000000705900000, 0x0000000705a00000|  0%| F|  |TAMS 0x0000000705900000, 0x0000000705900000| Untracked 
|  70|0x0000000705a00000, 0x0000000705a00000, 0x0000000705b00000|  0%| F|  |TAMS 0x0000000705a00000, 0x0000000705a00000| Untracked 
|  71|0x0000000705b00000, 0x0000000705b00000, 0x0000000705c00000|  0%| F|  |TAMS 0x0000000705b00000, 0x0000000705b00000| Untracked 
|  72|0x0000000705c00000, 0x0000000705c00000, 0x0000000705d00000|  0%| F|  |TAMS 0x0000000705c00000, 0x0000000705c00000| Untracked 
|  73|0x0000000705d00000, 0x0000000705d00000, 0x0000000705e00000|  0%| F|  |TAMS 0x0000000705d00000, 0x0000000705d00000| Untracked 
|  74|0x0000000705e00000, 0x0000000705e00000, 0x0000000705f00000|  0%| F|  |TAMS 0x0000000705e00000, 0x0000000705e00000| Untracked 
|  75|0x0000000705f00000, 0x0000000705f00000, 0x0000000706000000|  0%| F|  |TAMS 0x0000000705f00000, 0x0000000705f00000| Untracked 
|  76|0x0000000706000000, 0x0000000706000000, 0x0000000706100000|  0%| F|  |TAMS 0x0000000706000000, 0x0000000706000000| Untracked 
|  77|0x0000000706100000, 0x0000000706100000, 0x0000000706200000|  0%| F|  |TAMS 0x0000000706100000, 0x0000000706100000| Untracked 
|  78|0x0000000706200000, 0x0000000706200000, 0x0000000706300000|  0%| F|  |TAMS 0x0000000706200000, 0x0000000706200000| Untracked 
|  79|0x0000000706300000, 0x0000000706300000, 0x0000000706400000|  0%| F|  |TAMS 0x0000000706300000, 0x0000000706300000| Untracked 
|  80|0x0000000706400000, 0x0000000706400000, 0x0000000706500000|  0%| F|  |TAMS 0x0000000706400000, 0x0000000706400000| Untracked 
|  81|0x0000000706500000, 0x0000000706500000, 0x0000000706600000|  0%| F|  |TAMS 0x0000000706500000, 0x0000000706500000| Untracked 
|  82|0x0000000706600000, 0x0000000706600000, 0x0000000706700000|  0%| F|  |TAMS 0x0000000706600000, 0x0000000706600000| Untracked 
|  83|0x0000000706700000, 0x0000000706700000, 0x0000000706800000|  0%| F|  |TAMS 0x0000000706700000, 0x0000000706700000| Untracked 
|  84|0x0000000706800000, 0x0000000706800000, 0x0000000706900000|  0%| F|  |TAMS 0x0000000706800000, 0x0000000706800000| Untracked 
|  85|0x0000000706900000, 0x0000000706900000, 0x0000000706a00000|  0%| F|  |TAMS 0x0000000706900000, 0x0000000706900000| Untracked 
|  86|0x0000000706a00000, 0x0000000706a00000, 0x0000000706b00000|  0%| F|  |TAMS 0x0000000706a00000, 0x0000000706a00000| Untracked 
|  87|0x0000000706b00000, 0x0000000706b00000, 0x0000000706c00000|  0%| F|  |TAMS 0x0000000706b00000, 0x0000000706b00000| Untracked 
|  88|0x0000000706c00000, 0x0000000706c00000, 0x0000000706d00000|  0%| F|  |TAMS 0x0000000706c00000, 0x0000000706c00000| Untracked 
|  89|0x0000000706d00000, 0x0000000706d00000, 0x0000000706e00000|  0%| F|  |TAMS 0x0000000706d00000, 0x0000000706d00000| Untracked 
|  90|0x0000000706e00000, 0x0000000706e00000, 0x0000000706f00000|  0%| F|  |TAMS 0x0000000706e00000, 0x0000000706e00000| Untracked 
|  91|0x0000000706f00000, 0x0000000706f00000, 0x0000000707000000|  0%| F|  |TAMS 0x0000000706f00000, 0x0000000706f00000| Untracked 
|  92|0x0000000707000000, 0x0000000707000000, 0x0000000707100000|  0%| F|  |TAMS 0x0000000707000000, 0x0000000707000000| Untracked 
|  93|0x0000000707100000, 0x0000000707100000, 0x0000000707200000|  0%| F|  |TAMS 0x0000000707100000, 0x0000000707100000| Untracked 
|  94|0x0000000707200000, 0x0000000707200000, 0x0000000707300000|  0%| F|  |TAMS 0x0000000707200000, 0x0000000707200000| Untracked 
|  95|0x0000000707300000, 0x0000000707300000, 0x0000000707400000|  0%| F|  |TAMS 0x0000000707300000, 0x0000000707300000| Untracked 
|  96|0x0000000707400000, 0x0000000707400000, 0x0000000707500000|  0%| F|  |TAMS 0x0000000707400000, 0x0000000707400000| Untracked 
|  97|0x0000000707500000, 0x0000000707500000, 0x0000000707600000|  0%| F|  |TAMS 0x0000000707500000, 0x0000000707500000| Untracked 
|  98|0x0000000707600000, 0x0000000707600000, 0x0000000707700000|  0%| F|  |TAMS 0x0000000707600000, 0x0000000707600000| Untracked 
|  99|0x0000000707700000, 0x0000000707700000, 0x0000000707800000|  0%| F|  |TAMS 0x0000000707700000, 0x0000000707700000| Untracked 
| 100|0x0000000707800000, 0x0000000707800000, 0x0000000707900000|  0%| F|  |TAMS 0x0000000707800000, 0x0000000707800000| Untracked 
| 101|0x0000000707900000, 0x0000000707900000, 0x0000000707a00000|  0%| F|  |TAMS 0x0000000707900000, 0x0000000707900000| Untracked 
| 102|0x0000000707a00000, 0x0000000707a00000, 0x0000000707b00000|  0%| F|  |TAMS 0x0000000707a00000, 0x0000000707a00000| Untracked 
| 103|0x0000000707b00000, 0x0000000707b00000, 0x0000000707c00000|  0%| F|  |TAMS 0x0000000707b00000, 0x0000000707b00000| Untracked 
| 104|0x0000000707c00000, 0x0000000707c00000, 0x0000000707d00000|  0%| F|  |TAMS 0x0000000707c00000, 0x0000000707c00000| Untracked 
| 105|0x0000000707d00000, 0x0000000707d00000, 0x0000000707e00000|  0%| F|  |TAMS 0x0000000707d00000, 0x0000000707d00000| Untracked 
| 106|0x0000000707e00000, 0x0000000707e00000, 0x0000000707f00000|  0%| F|  |TAMS 0x0000000707e00000, 0x0000000707e00000| Untracked 
| 107|0x0000000707f00000, 0x0000000707f00000, 0x0000000708000000|  0%| F|  |TAMS 0x0000000707f00000, 0x0000000707f00000| Untracked 
| 108|0x0000000708000000, 0x0000000708000000, 0x0000000708100000|  0%| F|  |TAMS 0x0000000708000000, 0x0000000708000000| Untracked 
| 109|0x0000000708100000, 0x0000000708100000, 0x0000000708200000|  0%| F|  |TAMS 0x0000000708100000, 0x0000000708100000| Untracked 
| 110|0x0000000708200000, 0x0000000708200000, 0x0000000708300000|  0%| F|  |TAMS 0x0000000708200000, 0x0000000708200000| Untracked 
| 111|0x0000000708300000, 0x0000000708300000, 0x0000000708400000|  0%| F|  |TAMS 0x0000000708300000, 0x0000000708300000| Untracked 
| 112|0x0000000708400000, 0x0000000708400000, 0x0000000708500000|  0%| F|  |TAMS 0x0000000708400000, 0x0000000708400000| Untracked 
| 113|0x0000000708500000, 0x0000000708500000, 0x0000000708600000|  0%| F|  |TAMS 0x0000000708500000, 0x0000000708500000| Untracked 
| 114|0x0000000708600000, 0x0000000708600000, 0x0000000708700000|  0%| F|  |TAMS 0x0000000708600000, 0x0000000708600000| Untracked 
| 115|0x0000000708700000, 0x0000000708700000, 0x0000000708800000|  0%| F|  |TAMS 0x0000000708700000, 0x0000000708700000| Untracked 
| 116|0x0000000708800000, 0x0000000708800000, 0x0000000708900000|  0%| F|  |TAMS 0x0000000708800000, 0x0000000708800000| Untracked 
| 117|0x0000000708900000, 0x0000000708900000, 0x0000000708a00000|  0%| F|  |TAMS 0x0000000708900000, 0x0000000708900000| Untracked 
| 118|0x0000000708a00000, 0x0000000708a00000, 0x0000000708b00000|  0%| F|  |TAMS 0x0000000708a00000, 0x0000000708a00000| Untracked 
| 119|0x0000000708b00000, 0x0000000708b00000, 0x0000000708c00000|  0%| F|  |TAMS 0x0000000708b00000, 0x0000000708b00000| Untracked 
| 120|0x0000000708c00000, 0x0000000708c00000, 0x0000000708d00000|  0%| F|  |TAMS 0x0000000708c00000, 0x0000000708c00000| Untracked 
| 121|0x0000000708d00000, 0x0000000708d00000, 0x0000000708e00000|  0%| F|  |TAMS 0x0000000708d00000, 0x0000000708d00000| Untracked 
| 122|0x0000000708e00000, 0x0000000708e00000, 0x0000000708f00000|  0%| F|  |TAMS 0x0000000708e00000, 0x0000000708e00000| Untracked 
| 123|0x0000000708f00000, 0x0000000708f00000, 0x0000000709000000|  0%| F|  |TAMS 0x0000000708f00000, 0x0000000708f00000| Untracked 
| 124|0x0000000709000000, 0x0000000709000000, 0x0000000709100000|  0%| F|  |TAMS 0x0000000709000000, 0x0000000709000000| Untracked 
| 125|0x0000000709100000, 0x0000000709100000, 0x0000000709200000|  0%| F|  |TAMS 0x0000000709100000, 0x0000000709100000| Untracked 
| 126|0x0000000709200000, 0x0000000709200000, 0x0000000709300000|  0%| F|  |TAMS 0x0000000709200000, 0x0000000709200000| Untracked 
| 127|0x0000000709300000, 0x0000000709300000, 0x0000000709400000|  0%| F|  |TAMS 0x0000000709300000, 0x0000000709300000| Untracked 
| 128|0x0000000709400000, 0x0000000709400000, 0x0000000709500000|  0%| F|  |TAMS 0x0000000709400000, 0x0000000709400000| Untracked 
| 129|0x0000000709500000, 0x0000000709500000, 0x0000000709600000|  0%| F|  |TAMS 0x0000000709500000, 0x0000000709500000| Untracked 
| 130|0x0000000709600000, 0x0000000709600000, 0x0000000709700000|  0%| F|  |TAMS 0x0000000709600000, 0x0000000709600000| Untracked 
| 131|0x0000000709700000, 0x0000000709700000, 0x0000000709800000|  0%| F|  |TAMS 0x0000000709700000, 0x0000000709700000| Untracked 
| 132|0x0000000709800000, 0x0000000709800000, 0x0000000709900000|  0%| F|  |TAMS 0x0000000709800000, 0x0000000709800000| Untracked 
| 133|0x0000000709900000, 0x0000000709900000, 0x0000000709a00000|  0%| F|  |TAMS 0x0000000709900000, 0x0000000709900000| Untracked 
| 134|0x0000000709a00000, 0x0000000709a00000, 0x0000000709b00000|  0%| F|  |TAMS 0x0000000709a00000, 0x0000000709a00000| Untracked 
| 135|0x0000000709b00000, 0x0000000709b00000, 0x0000000709c00000|  0%| F|  |TAMS 0x0000000709b00000, 0x0000000709b00000| Untracked 
| 136|0x0000000709c00000, 0x0000000709c00000, 0x0000000709d00000|  0%| F|  |TAMS 0x0000000709c00000, 0x0000000709c00000| Untracked 
| 137|0x0000000709d00000, 0x0000000709d00000, 0x0000000709e00000|  0%| F|  |TAMS 0x0000000709d00000, 0x0000000709d00000| Untracked 
| 138|0x0000000709e00000, 0x0000000709e00000, 0x0000000709f00000|  0%| F|  |TAMS 0x0000000709e00000, 0x0000000709e00000| Untracked 
| 139|0x0000000709f00000, 0x0000000709f00000, 0x000000070a000000|  0%| F|  |TAMS 0x0000000709f00000, 0x0000000709f00000| Untracked 
| 140|0x000000070a000000, 0x000000070a000000, 0x000000070a100000|  0%| F|  |TAMS 0x000000070a000000, 0x000000070a000000| Untracked 
| 141|0x000000070a100000, 0x000000070a100000, 0x000000070a200000|  0%| F|  |TAMS 0x000000070a100000, 0x000000070a100000| Untracked 
| 142|0x000000070a200000, 0x000000070a200000, 0x000000070a300000|  0%| F|  |TAMS 0x000000070a200000, 0x000000070a200000| Untracked 
| 143|0x000000070a300000, 0x000000070a300000, 0x000000070a400000|  0%| F|  |TAMS 0x000000070a300000, 0x000000070a300000| Untracked 
| 144|0x000000070a400000, 0x000000070a400000, 0x000000070a500000|  0%| F|  |TAMS 0x000000070a400000, 0x000000070a400000| Untracked 
| 145|0x000000070a500000, 0x000000070a500000, 0x000000070a600000|  0%| F|  |TAMS 0x000000070a500000, 0x000000070a500000| Untracked 
| 146|0x000000070a600000, 0x000000070a600000, 0x000000070a700000|  0%| F|  |TAMS 0x000000070a600000, 0x000000070a600000| Untracked 
| 147|0x000000070a700000, 0x000000070a700000, 0x000000070a800000|  0%| F|  |TAMS 0x000000070a700000, 0x000000070a700000| Untracked 
| 148|0x000000070a800000, 0x000000070a800000, 0x000000070a900000|  0%| F|  |TAMS 0x000000070a800000, 0x000000070a800000| Untracked 
| 149|0x000000070a900000, 0x000000070a900000, 0x000000070aa00000|  0%| F|  |TAMS 0x000000070a900000, 0x000000070a900000| Untracked 
| 150|0x000000070aa00000, 0x000000070aa00000, 0x000000070ab00000|  0%| F|  |TAMS 0x000000070aa00000, 0x000000070aa00000| Untracked 
| 151|0x000000070ab00000, 0x000000070ab00000, 0x000000070ac00000|  0%| F|  |TAMS 0x000000070ab00000, 0x000000070ab00000| Untracked 
| 152|0x000000070ac00000, 0x000000070ac00000, 0x000000070ad00000|  0%| F|  |TAMS 0x000000070ac00000, 0x000000070ac00000| Untracked 
| 153|0x000000070ad00000, 0x000000070ad00000, 0x000000070ae00000|  0%| F|  |TAMS 0x000000070ad00000, 0x000000070ad00000| Untracked 
| 154|0x000000070ae00000, 0x000000070ae00000, 0x000000070af00000|  0%| F|  |TAMS 0x000000070ae00000, 0x000000070ae00000| Untracked 
| 155|0x000000070af00000, 0x000000070af00000, 0x000000070b000000|  0%| F|  |TAMS 0x000000070af00000, 0x000000070af00000| Untracked 
| 156|0x000000070b000000, 0x000000070b000000, 0x000000070b100000|  0%| F|  |TAMS 0x000000070b000000, 0x000000070b000000| Untracked 
| 157|0x000000070b100000, 0x000000070b100000, 0x000000070b200000|  0%| F|  |TAMS 0x000000070b100000, 0x000000070b100000| Untracked 
| 158|0x000000070b200000, 0x000000070b200000, 0x000000070b300000|  0%| F|  |TAMS 0x000000070b200000, 0x000000070b200000| Untracked 
| 159|0x000000070b300000, 0x000000070b300000, 0x000000070b400000|  0%| F|  |TAMS 0x000000070b300000, 0x000000070b300000| Untracked 
| 160|0x000000070b400000, 0x000000070b400000, 0x000000070b500000|  0%| F|  |TAMS 0x000000070b400000, 0x000000070b400000| Untracked 
| 161|0x000000070b500000, 0x000000070b500000, 0x000000070b600000|  0%| F|  |TAMS 0x000000070b500000, 0x000000070b500000| Untracked 
| 162|0x000000070b600000, 0x000000070b600000, 0x000000070b700000|  0%| F|  |TAMS 0x000000070b600000, 0x000000070b600000| Untracked 
| 163|0x000000070b700000, 0x000000070b700000, 0x000000070b800000|  0%| F|  |TAMS 0x000000070b700000, 0x000000070b700000| Untracked 
| 164|0x000000070b800000, 0x000000070b800000, 0x000000070b900000|  0%| F|  |TAMS 0x000000070b800000, 0x000000070b800000| Untracked 
| 165|0x000000070b900000, 0x000000070b900000, 0x000000070ba00000|  0%| F|  |TAMS 0x000000070b900000, 0x000000070b900000| Untracked 
| 166|0x000000070ba00000, 0x000000070ba00000, 0x000000070bb00000|  0%| F|  |TAMS 0x000000070ba00000, 0x000000070ba00000| Untracked 
| 167|0x000000070bb00000, 0x000000070bb00000, 0x000000070bc00000|  0%| F|  |TAMS 0x000000070bb00000, 0x000000070bb00000| Untracked 
| 168|0x000000070bc00000, 0x000000070bc00000, 0x000000070bd00000|  0%| F|  |TAMS 0x000000070bc00000, 0x000000070bc00000| Untracked 
| 169|0x000000070bd00000, 0x000000070bd00000, 0x000000070be00000|  0%| F|  |TAMS 0x000000070bd00000, 0x000000070bd00000| Untracked 
| 170|0x000000070be00000, 0x000000070be00000, 0x000000070bf00000|  0%| F|  |TAMS 0x000000070be00000, 0x000000070be00000| Untracked 
| 171|0x000000070bf00000, 0x000000070bf00000, 0x000000070c000000|  0%| F|  |TAMS 0x000000070bf00000, 0x000000070bf00000| Untracked 
| 172|0x000000070c000000, 0x000000070c000000, 0x000000070c100000|  0%| F|  |TAMS 0x000000070c000000, 0x000000070c000000| Untracked 
| 173|0x000000070c100000, 0x000000070c100000, 0x000000070c200000|  0%| F|  |TAMS 0x000000070c100000, 0x000000070c100000| Untracked 
| 174|0x000000070c200000, 0x000000070c200000, 0x000000070c300000|  0%| F|  |TAMS 0x000000070c200000, 0x000000070c200000| Untracked 
| 175|0x000000070c300000, 0x000000070c300000, 0x000000070c400000|  0%| F|  |TAMS 0x000000070c300000, 0x000000070c300000| Untracked 
| 176|0x000000070c400000, 0x000000070c400000, 0x000000070c500000|  0%| F|  |TAMS 0x000000070c400000, 0x000000070c400000| Untracked 
| 177|0x000000070c500000, 0x000000070c500000, 0x000000070c600000|  0%| F|  |TAMS 0x000000070c500000, 0x000000070c500000| Untracked 
| 178|0x000000070c600000, 0x000000070c600000, 0x000000070c700000|  0%| F|  |TAMS 0x000000070c600000, 0x000000070c600000| Untracked 
| 179|0x000000070c700000, 0x000000070c700000, 0x000000070c800000|  0%| F|  |TAMS 0x000000070c700000, 0x000000070c700000| Untracked 
| 180|0x000000070c800000, 0x000000070c800000, 0x000000070c900000|  0%| F|  |TAMS 0x000000070c800000, 0x000000070c800000| Untracked 
| 181|0x000000070c900000, 0x000000070c900000, 0x000000070ca00000|  0%| F|  |TAMS 0x000000070c900000, 0x000000070c900000| Untracked 
| 182|0x000000070ca00000, 0x000000070ca00000, 0x000000070cb00000|  0%| F|  |TAMS 0x000000070ca00000, 0x000000070ca00000| Untracked 
| 183|0x000000070cb00000, 0x000000070cb00000, 0x000000070cc00000|  0%| F|  |TAMS 0x000000070cb00000, 0x000000070cb00000| Untracked 
| 184|0x000000070cc00000, 0x000000070cc00000, 0x000000070cd00000|  0%| F|  |TAMS 0x000000070cc00000, 0x000000070cc00000| Untracked 
| 185|0x000000070cd00000, 0x000000070cd00000, 0x000000070ce00000|  0%| F|  |TAMS 0x000000070cd00000, 0x000000070cd00000| Untracked 
| 186|0x000000070ce00000, 0x000000070ce00000, 0x000000070cf00000|  0%| F|  |TAMS 0x000000070ce00000, 0x000000070ce00000| Untracked 
| 187|0x000000070cf00000, 0x000000070cf00000, 0x000000070d000000|  0%| F|  |TAMS 0x000000070cf00000, 0x000000070cf00000| Untracked 
| 188|0x000000070d000000, 0x000000070d000000, 0x000000070d100000|  0%| F|  |TAMS 0x000000070d000000, 0x000000070d000000| Untracked 
| 189|0x000000070d100000, 0x000000070d100000, 0x000000070d200000|  0%| F|  |TAMS 0x000000070d100000, 0x000000070d100000| Untracked 
| 190|0x000000070d200000, 0x000000070d200000, 0x000000070d300000|  0%| F|  |TAMS 0x000000070d200000, 0x000000070d200000| Untracked 
| 191|0x000000070d300000, 0x000000070d300000, 0x000000070d400000|  0%| F|  |TAMS 0x000000070d300000, 0x000000070d300000| Untracked 
| 192|0x000000070d400000, 0x000000070d400000, 0x000000070d500000|  0%| F|  |TAMS 0x000000070d400000, 0x000000070d400000| Untracked 
| 193|0x000000070d500000, 0x000000070d500000, 0x000000070d600000|  0%| F|  |TAMS 0x000000070d500000, 0x000000070d500000| Untracked 
| 194|0x000000070d600000, 0x000000070d600000, 0x000000070d700000|  0%| F|  |TAMS 0x000000070d600000, 0x000000070d600000| Untracked 
| 195|0x000000070d700000, 0x000000070d700000, 0x000000070d800000|  0%| F|  |TAMS 0x000000070d700000, 0x000000070d700000| Untracked 
| 196|0x000000070d800000, 0x000000070d800000, 0x000000070d900000|  0%| F|  |TAMS 0x000000070d800000, 0x000000070d800000| Untracked 
| 197|0x000000070d900000, 0x000000070d900000, 0x000000070da00000|  0%| F|  |TAMS 0x000000070d900000, 0x000000070d900000| Untracked 
| 198|0x000000070da00000, 0x000000070da00000, 0x000000070db00000|  0%| F|  |TAMS 0x000000070da00000, 0x000000070da00000| Untracked 
| 199|0x000000070db00000, 0x000000070db00000, 0x000000070dc00000|  0%| F|  |TAMS 0x000000070db00000, 0x000000070db00000| Untracked 
| 200|0x000000070dc00000, 0x000000070dc00000, 0x000000070dd00000|  0%| F|  |TAMS 0x000000070dc00000, 0x000000070dc00000| Untracked 
| 201|0x000000070dd00000, 0x000000070dd00000, 0x000000070de00000|  0%| F|  |TAMS 0x000000070dd00000, 0x000000070dd00000| Untracked 
| 202|0x000000070de00000, 0x000000070de00000, 0x000000070df00000|  0%| F|  |TAMS 0x000000070de00000, 0x000000070de00000| Untracked 
| 203|0x000000070df00000, 0x000000070df00000, 0x000000070e000000|  0%| F|  |TAMS 0x000000070df00000, 0x000000070df00000| Untracked 
| 204|0x000000070e000000, 0x000000070e000000, 0x000000070e100000|  0%| F|  |TAMS 0x000000070e000000, 0x000000070e000000| Untracked 
| 205|0x000000070e100000, 0x000000070e109940, 0x000000070e200000|  3%| S|CS|TAMS 0x000000070e100000, 0x000000070e100000| Complete 
| 206|0x000000070e200000, 0x000000070e300000, 0x000000070e300000|100%| S|CS|TAMS 0x000000070e200000, 0x000000070e200000| Complete 
| 207|0x000000070e300000, 0x000000070e400000, 0x000000070e400000|100%| S|CS|TAMS 0x000000070e300000, 0x000000070e300000| Complete 
| 208|0x000000070e400000, 0x000000070e500000, 0x000000070e500000|100%| S|CS|TAMS 0x000000070e400000, 0x000000070e400000| Complete 
| 209|0x000000070e500000, 0x000000070e500000, 0x000000070e600000|  0%| F|  |TAMS 0x000000070e500000, 0x000000070e500000| Untracked 
| 210|0x000000070e600000, 0x000000070e600000, 0x000000070e700000|  0%| F|  |TAMS 0x000000070e600000, 0x000000070e600000| Untracked 
| 211|0x000000070e700000, 0x000000070e700000, 0x000000070e800000|  0%| F|  |TAMS 0x000000070e700000, 0x000000070e700000| Untracked 
| 212|0x000000070e800000, 0x000000070e800000, 0x000000070e900000|  0%| F|  |TAMS 0x000000070e800000, 0x000000070e800000| Untracked 
| 213|0x000000070e900000, 0x000000070e900000, 0x000000070ea00000|  0%| F|  |TAMS 0x000000070e900000, 0x000000070e900000| Untracked 
| 214|0x000000070ea00000, 0x000000070ea00000, 0x000000070eb00000|  0%| F|  |TAMS 0x000000070ea00000, 0x000000070ea00000| Untracked 
| 215|0x000000070eb00000, 0x000000070eb00000, 0x000000070ec00000|  0%| F|  |TAMS 0x000000070eb00000, 0x000000070eb00000| Untracked 
| 216|0x000000070ec00000, 0x000000070ec00000, 0x000000070ed00000|  0%| F|  |TAMS 0x000000070ec00000, 0x000000070ec00000| Untracked 
| 217|0x000000070ed00000, 0x000000070ed00000, 0x000000070ee00000|  0%| F|  |TAMS 0x000000070ed00000, 0x000000070ed00000| Untracked 
| 218|0x000000070ee00000, 0x000000070ee00000, 0x000000070ef00000|  0%| F|  |TAMS 0x000000070ee00000, 0x000000070ee00000| Untracked 
| 219|0x000000070ef00000, 0x000000070ef00000, 0x000000070f000000|  0%| F|  |TAMS 0x000000070ef00000, 0x000000070ef00000| Untracked 
| 220|0x000000070f000000, 0x000000070f000000, 0x000000070f100000|  0%| F|  |TAMS 0x000000070f000000, 0x000000070f000000| Untracked 
| 221|0x000000070f100000, 0x000000070f100000, 0x000000070f200000|  0%| F|  |TAMS 0x000000070f100000, 0x000000070f100000| Untracked 
| 222|0x000000070f200000, 0x000000070f200000, 0x000000070f300000|  0%| F|  |TAMS 0x000000070f200000, 0x000000070f200000| Untracked 
| 223|0x000000070f300000, 0x000000070f300000, 0x000000070f400000|  0%| F|  |TAMS 0x000000070f300000, 0x000000070f300000| Untracked 
| 224|0x000000070f400000, 0x000000070f400000, 0x000000070f500000|  0%| F|  |TAMS 0x000000070f400000, 0x000000070f400000| Untracked 
| 225|0x000000070f500000, 0x000000070f500000, 0x000000070f600000|  0%| F|  |TAMS 0x000000070f500000, 0x000000070f500000| Untracked 
| 226|0x000000070f600000, 0x000000070f600000, 0x000000070f700000|  0%| F|  |TAMS 0x000000070f600000, 0x000000070f600000| Untracked 
| 227|0x000000070f700000, 0x000000070f700000, 0x000000070f800000|  0%| F|  |TAMS 0x000000070f700000, 0x000000070f700000| Untracked 
| 228|0x000000070f800000, 0x000000070f800000, 0x000000070f900000|  0%| F|  |TAMS 0x000000070f800000, 0x000000070f800000| Untracked 
| 229|0x000000070f900000, 0x000000070f900000, 0x000000070fa00000|  0%| F|  |TAMS 0x000000070f900000, 0x000000070f900000| Untracked 
| 230|0x000000070fa00000, 0x000000070fa00000, 0x000000070fb00000|  0%| F|  |TAMS 0x000000070fa00000, 0x000000070fa00000| Untracked 
| 231|0x000000070fb00000, 0x000000070fb00000, 0x000000070fc00000|  0%| F|  |TAMS 0x000000070fb00000, 0x000000070fb00000| Untracked 
| 232|0x000000070fc00000, 0x000000070fc00000, 0x000000070fd00000|  0%| F|  |TAMS 0x000000070fc00000, 0x000000070fc00000| Untracked 
| 233|0x000000070fd00000, 0x000000070fd00000, 0x000000070fe00000|  0%| F|  |TAMS 0x000000070fd00000, 0x000000070fd00000| Untracked 
| 234|0x000000070fe00000, 0x000000070fe00000, 0x000000070ff00000|  0%| F|  |TAMS 0x000000070fe00000, 0x000000070fe00000| Untracked 
| 235|0x000000070ff00000, 0x000000070ff00000, 0x0000000710000000|  0%| F|  |TAMS 0x000000070ff00000, 0x000000070ff00000| Untracked 
| 236|0x0000000710000000, 0x0000000710000000, 0x0000000710100000|  0%| F|  |TAMS 0x0000000710000000, 0x0000000710000000| Untracked 
| 237|0x0000000710100000, 0x0000000710100000, 0x0000000710200000|  0%| F|  |TAMS 0x0000000710100000, 0x0000000710100000| Untracked 
| 238|0x0000000710200000, 0x0000000710200000, 0x0000000710300000|  0%| F|  |TAMS 0x0000000710200000, 0x0000000710200000| Untracked 
| 239|0x0000000710300000, 0x0000000710300000, 0x0000000710400000|  0%| F|  |TAMS 0x0000000710300000, 0x0000000710300000| Untracked 
| 240|0x0000000710400000, 0x0000000710400000, 0x0000000710500000|  0%| F|  |TAMS 0x0000000710400000, 0x0000000710400000| Untracked 
| 241|0x0000000710500000, 0x0000000710500000, 0x0000000710600000|  0%| F|  |TAMS 0x0000000710500000, 0x0000000710500000| Untracked 
| 242|0x0000000710600000, 0x0000000710600000, 0x0000000710700000|  0%| F|  |TAMS 0x0000000710600000, 0x0000000710600000| Untracked 
| 243|0x0000000710700000, 0x0000000710700000, 0x0000000710800000|  0%| F|  |TAMS 0x0000000710700000, 0x0000000710700000| Untracked 
| 244|0x0000000710800000, 0x0000000710800000, 0x0000000710900000|  0%| F|  |TAMS 0x0000000710800000, 0x0000000710800000| Untracked 
| 245|0x0000000710900000, 0x0000000710900000, 0x0000000710a00000|  0%| F|  |TAMS 0x0000000710900000, 0x0000000710900000| Untracked 
| 246|0x0000000710a00000, 0x0000000710a00000, 0x0000000710b00000|  0%| F|  |TAMS 0x0000000710a00000, 0x0000000710a00000| Untracked 
| 247|0x0000000710b00000, 0x0000000710b00000, 0x0000000710c00000|  0%| F|  |TAMS 0x0000000710b00000, 0x0000000710b00000| Untracked 
| 248|0x0000000710c00000, 0x0000000710c00000, 0x0000000710d00000|  0%| F|  |TAMS 0x0000000710c00000, 0x0000000710c00000| Untracked 
| 249|0x0000000710d00000, 0x0000000710d00000, 0x0000000710e00000|  0%| F|  |TAMS 0x0000000710d00000, 0x0000000710d00000| Untracked 
| 250|0x0000000710e00000, 0x0000000710e00000, 0x0000000710f00000|  0%| F|  |TAMS 0x0000000710e00000, 0x0000000710e00000| Untracked 
| 251|0x0000000710f00000, 0x0000000710f00000, 0x0000000711000000|  0%| F|  |TAMS 0x0000000710f00000, 0x0000000710f00000| Untracked 
| 252|0x0000000711000000, 0x0000000711000000, 0x0000000711100000|  0%| F|  |TAMS 0x0000000711000000, 0x0000000711000000| Untracked 
| 253|0x0000000711100000, 0x0000000711100000, 0x0000000711200000|  0%| F|  |TAMS 0x0000000711100000, 0x0000000711100000| Untracked 
| 254|0x0000000711200000, 0x0000000711200000, 0x0000000711300000|  0%| F|  |TAMS 0x0000000711200000, 0x0000000711200000| Untracked 
| 255|0x0000000711300000, 0x0000000711300000, 0x0000000711400000|  0%| F|  |TAMS 0x0000000711300000, 0x0000000711300000| Untracked 

Card table byte_map: [0x0000025473310000,0x0000025473b10000] _byte_map_base: 0x000002546fb06000

Marking Bits (Prev, Next): (CMBitMap*) 0x000002546a094bf8, (CMBitMap*) 0x000002546a094c38
 Prev Bits: [0x0000025474310000, 0x00000254782c0000)
 Next Bits: [0x00000254782c0000, 0x000002547c270000)

Polling page: 0x0000025469810000

Metaspace:

Usage:
  Non-class:     15.72 MB capacity,    15.27 MB ( 97%) used,   379.76 KB (  2%) free+waste,    82.38 KB ( <1%) overhead. 
      Class:      2.51 MB capacity,     2.21 MB ( 88%) used,   260.41 KB ( 10%) free+waste,    43.13 KB (  2%) overhead. 
       Both:     18.23 MB capacity,    17.48 MB ( 96%) used,   640.17 KB (  3%) free+waste,   125.50 KB ( <1%) overhead. 

Virtual space:
  Non-class space:       24.00 MB reserved,      15.75 MB ( 66%) committed 
      Class space:        1.00 GB reserved,       2.63 MB ( <1%) committed 
             Both:        1.02 GB reserved,      18.38 MB (  2%) committed 

Chunk freelists:
   Non-Class:  29.00 KB
       Class:  21.00 KB
        Both:  50.00 KB

MaxMetaspaceSize: 17179869184.00 GB
CompressedClassSpaceSize: 1.00 GB

CodeHeap 'non-profiled nmethods': size=120000Kb used=826Kb max_used=826Kb free=119174Kb
 bounds [0x0000025407ad0000, 0x0000025407d40000, 0x000002540f000000]
CodeHeap 'profiled nmethods': size=120000Kb used=4148Kb max_used=4148Kb free=115851Kb
 bounds [0x00000254005a0000, 0x00000254009b0000, 0x0000025407ad0000]
CodeHeap 'non-nmethods': size=5760Kb used=1213Kb max_used=1250Kb free=4546Kb
 bounds [0x0000025400000000, 0x0000025400270000, 0x00000254005a0000]
 total_blobs=2464 nmethods=1985 adapters=391
 compilation: enabled
              stopped_count=0, restarted_count=0
 full_count=0

Compilation events (20 events):
Event: 1.284 Thread 0x000002547f6c8800 nmethod 1976 0x00000254009a3110 code [0x00000254009a32c0, 0x00000254009a35e8]
Event: 1.284 Thread 0x000002547f6c8800 1977       1       java.lang.Enum::name (5 bytes)
Event: 1.284 Thread 0x000002547f6c8800 nmethod 1977 0x0000025407b9e510 code [0x0000025407b9e6a0, 0x0000025407b9e778]
Event: 1.287 Thread 0x000002547f6c8800 1978       3       java.util.zip.ZipEntry::setExtra0 (493 bytes)
Event: 1.290 Thread 0x000002547f6c8800 nmethod 1978 0x00000254009a3710 code [0x00000254009a3d20, 0x00000254009a82c8]
Event: 1.290 Thread 0x000002547f6c8800 1979       3       java.lang.invoke.SimpleMethodHandle::make (10 bytes)
Event: 1.290 Thread 0x000002547f6c8800 nmethod 1979 0x00000254009a9b10 code [0x00000254009a9cc0, 0x00000254009a9ea8]
Event: 1.290 Thread 0x000002547f6c8800 1980       3       java.lang.invoke.SimpleMethodHandle::<init> (7 bytes)
Event: 1.290 Thread 0x000002547f6c8800 nmethod 1980 0x00000254009a9f90 code [0x00000254009aa140, 0x00000254009aa308]
Event: 1.293 Thread 0x000002547f6c8800 1981       3       java.lang.invoke.MemberName::equals (24 bytes)
Event: 1.293 Thread 0x000002547f6c8800 nmethod 1981 0x00000254009aa410 code [0x00000254009aa5c0, 0x00000254009aa9a8]
Event: 1.296 Thread 0x000002547f6c8800 1982       3       java.lang.invoke.MethodHandles::makeIdentity (23 bytes)
Event: 1.296 Thread 0x000002547f6c8800 nmethod 1982 0x00000254009aaa90 code [0x00000254009aad20, 0x00000254009aba38]
Event: 1.296 Thread 0x000002547f6c8800 1983       3       java.lang.invoke.LambdaForm::identityForm (27 bytes)
Event: 1.297 Thread 0x000002547f6c8800 nmethod 1983 0x00000254009abf10 code [0x00000254009ac0c0, 0x00000254009ac2a8]
Event: 1.297 Thread 0x000002547f6c8800 1984       3       java.lang.invoke.MethodHandleImpl::makeIntrinsic (14 bytes)
Event: 1.297 Thread 0x000002547f6c8800 nmethod 1984 0x00000254009ac410 code [0x00000254009ac600, 0x00000254009acc78]
Event: 1.297 Thread 0x000002547f6ba800 1985  s!   4       jdk.internal.loader.URLClassPath::getLoader (194 bytes)
Event: 1.298 Thread 0x000002547f6c8800 1986       3       java.util.HashMap::<init> (8 bytes)
Event: 1.298 Thread 0x000002547f6c8800 nmethod 1986 0x00000254009ace90 code [0x00000254009ad060, 0x00000254009ad1a8]

GC Heap History (6 events):
Event: 0.428 GC heap before
{Heap before GC invocations=0 (full 0):
 garbage-first heap   total 262144K, used 22528K [0x0000000701400000, 0x0000000800000000)
  region size 1024K, 23 young (23552K), 0 survivors (0K)
 Metaspace       used 4821K, capacity 6955K, committed 7040K, reserved 1056768K
  class space    used 572K, capacity 826K, committed 896K, reserved 1048576K
}
Event: 0.432 GC heap after
{Heap after GC invocations=1 (full 0):
 garbage-first heap   total 262144K, used 5902K [0x0000000701400000, 0x0000000800000000)
  region size 1024K, 3 young (3072K), 3 survivors (3072K)
 Metaspace       used 4821K, capacity 6955K, committed 7040K, reserved 1056768K
  class space    used 572K, capacity 826K, committed 896K, reserved 1048576K
}
Event: 0.790 GC heap before
{Heap before GC invocations=1 (full 0):
 garbage-first heap   total 262144K, used 32526K [0x0000000701400000, 0x0000000800000000)
  region size 1024K, 29 young (29696K), 3 survivors (3072K)
 Metaspace       used 9596K, capacity 10812K, committed 11008K, reserved 1058816K
  class space    used 1188K, capacity 1413K, committed 1536K, reserved 1048576K
}
Event: 0.793 GC heap after
{Heap after GC invocations=2 (full 0):
 garbage-first heap   total 262144K, used 7223K [0x0000000701400000, 0x0000000800000000)
  region size 1024K, 2 young (2048K), 2 survivors (2048K)
 Metaspace       used 9596K, capacity 10812K, committed 11008K, reserved 1058816K
  class space    used 1188K, capacity 1413K, committed 1536K, reserved 1048576K
}
Event: 1.299 GC heap before
{Heap before GC invocations=2 (full 0):
 garbage-first heap   total 262144K, used 52279K [0x0000000701400000, 0x0000000800000000)
  region size 1024K, 47 young (48128K), 2 survivors (2048K)
 Metaspace       used 17904K, capacity 18670K, committed 18816K, reserved 1071104K
  class space    used 2267K, capacity 2571K, committed 2688K, reserved 1048576K
}
Event: 1.302 GC heap after
{Heap after GC invocations=3 (full 0):
 garbage-first heap   total 262144K, used 9062K [0x0000000701400000, 0x0000000800000000)
  region size 1024K, 4 young (4096K), 4 survivors (4096K)
 Metaspace       used 17904K, capacity 18670K, committed 18816K, reserved 1071104K
  class space    used 2267K, capacity 2571K, committed 2688K, reserved 1048576K
}

Deoptimization events (20 events):
Event: 1.054 Thread 0x000002546a02a800 Uncommon trap: trap_request=0xffffff45 fr.pc=0x0000025407b673e8 relative=0x0000000000003528
Event: 1.054 Thread 0x000002546a02a800 Uncommon trap: reason=unstable_if action=reinterpret pc=0x0000025407b673e8 method=jdk.internal.org.objectweb.asm.Frame.execute(IILjdk/internal/org/objectweb/asm/Symbol;Ljdk/internal/org/objectweb/asm/SymbolTable;)V @ 1 c2
Event: 1.054 Thread 0x000002546a02a800 DEOPT PACKING pc=0x0000025407b673e8 sp=0x000000abbc5fa540
Event: 1.054 Thread 0x000002546a02a800 DEOPT UNPACKING pc=0x000002540004912f sp=0x000000abbc5fa4f8 mode 2
Event: 1.116 Thread 0x000002546a02a800 Uncommon trap: trap_request=0xffffff45 fr.pc=0x0000025407b56754 relative=0x0000000000001074
Event: 1.116 Thread 0x000002546a02a800 Uncommon trap: reason=unstable_if action=reinterpret pc=0x0000025407b56754 method=java.net.URL.<init>(Ljava/net/URL;Ljava/lang/String;Ljava/net/URLStreamHandler;)V @ 347 c2
Event: 1.116 Thread 0x000002546a02a800 DEOPT PACKING pc=0x0000025407b56754 sp=0x000000abbc5fc5c0
Event: 1.116 Thread 0x000002546a02a800 DEOPT UNPACKING pc=0x000002540004912f sp=0x000000abbc5fc540 mode 2
Event: 1.139 Thread 0x000002541087a800 Uncommon trap: trap_request=0xffffff45 fr.pc=0x0000025407b5dd90 relative=0x0000000000001430
Event: 1.139 Thread 0x000002541087a800 Uncommon trap: reason=unstable_if action=reinterpret pc=0x0000025407b5dd90 method=java.util.concurrent.ConcurrentHashMap.transfer([Ljava/util/concurrent/ConcurrentHashMap$Node;[Ljava/util/concurrent/ConcurrentHashMap$Node;)V @ 273 c2
Event: 1.139 Thread 0x000002541087a800 DEOPT PACKING pc=0x0000025407b5dd90 sp=0x000000abbdffd980
Event: 1.139 Thread 0x000002541087a800 DEOPT UNPACKING pc=0x000002540004912f sp=0x000000abbdffd900 mode 2
Event: 1.274 Thread 0x000002546a02a800 Uncommon trap: trap_request=0xffffff45 fr.pc=0x0000025407b18d30 relative=0x00000000000002b0
Event: 1.274 Thread 0x000002546a02a800 Uncommon trap: reason=unstable_if action=reinterpret pc=0x0000025407b18d30 method=java.util.concurrent.ConcurrentHashMap.get(Ljava/lang/Object;)Ljava/lang/Object; @ 76 c2
Event: 1.274 Thread 0x000002546a02a800 DEOPT PACKING pc=0x0000025407b18d30 sp=0x000000abbc5faaa0
Event: 1.274 Thread 0x000002546a02a800 DEOPT UNPACKING pc=0x000002540004912f sp=0x000000abbc5faa18 mode 2
Event: 1.275 Thread 0x000002547f98a800 Uncommon trap: trap_request=0xffffff45 fr.pc=0x0000025407b49ea0 relative=0x00000000000001e0
Event: 1.275 Thread 0x000002547f98a800 Uncommon trap: reason=unstable_if action=reinterpret pc=0x0000025407b49ea0 method=java.lang.String.indexOf(Ljava/lang/String;)I @ 10 c2
Event: 1.275 Thread 0x000002547f98a800 DEOPT PACKING pc=0x0000025407b49ea0 sp=0x000000abbd8fedd0
Event: 1.275 Thread 0x000002547f98a800 DEOPT UNPACKING pc=0x000002540004912f sp=0x000000abbd8fed70 mode 2

Classes unloaded (0 events):
No events

Classes redefined (0 events):
No events

Internal exceptions (20 events):
Event: 1.012 Thread 0x000002546a02a800 Exception <a 'java/lang/NoSuchMethodError'{0x0000000710539240}: 'java.lang.Object java.lang.invoke.DirectMethodHandle$Holder.invokeStatic(java.lang.Object, java.lang.Object, java.lang.Object, int, java.lang.Object)'> (0x0000000710539240) 
thrown [./open/src/hotspot/share/interpreter/linkResolver.cpp, line 766]
Event: 1.013 Thread 0x000002546a02a800 Exception <a 'java/lang/NoSuchMethodError'{0x000000071053f830}: 'java.lang.Object java.lang.invoke.Invokers$Holder.linkToTargetMethod(java.lang.Object, java.lang.Object, int, java.lang.Object, java.lang.Object)'> (0x000000071053f830) 
thrown [./open/src/hotspot/share/interpreter/linkResolver.cpp, line 766]
Event: 1.014 Thread 0x000002546a02a800 Exception <a 'java/lang/NoSuchMethodError'{0x0000000710553d80}: 'java.lang.Object java.lang.invoke.DirectMethodHandle$Holder.invokeStatic(java.lang.Object, int, java.lang.Object)'> (0x0000000710553d80) 
thrown [./open/src/hotspot/share/interpreter/linkResolver.cpp, line 766]
Event: 1.042 Thread 0x000002546a02a800 Exception <a 'java/lang/NoSuchMethodError'{0x0000000710304628}: 'void java.lang.invoke.DirectMethodHandle$Holder.invokeStaticInit(java.lang.Object, java.lang.Object)'> (0x0000000710304628) 
thrown [./open/src/hotspot/share/interpreter/linkResolver.cpp, line 766]
Event: 1.115 Thread 0x000002541087a800 Exception <a 'java/lang/NoClassDefFoundError'{0x000000071019d3c8}: javax/validation/Validation> (0x000000071019d3c8) 
thrown [./open/src/hotspot/share/classfile/systemDictionary.cpp, line 215]
Event: 1.148 Thread 0x000002541087a800 Exception <a 'java/lang/NoSuchMethodError'{0x000000070fde3ee0}: 'java.lang.Object java.lang.invoke.DirectMethodHandle$Holder.invokeStaticInit(java.lang.Object, java.lang.Object, java.lang.Object, java.lang.Object, java.lang.Object)'> (0x000000070fde3ee0) 
thrown [./open/src/hotspot/share/interpreter/linkResolver.cpp, line 766]
Event: 1.270 Thread 0x000002546a02a800 Exception <a 'java/lang/ClassNotFoundException'{0x000000070ea26640}: java/lang/ObjectCustomizer> (0x000000070ea26640) 
thrown [./open/src/hotspot/share/classfile/systemDictionary.cpp, line 226]
Event: 1.276 Thread 0x000002546a02a800 Exception <a 'java/lang/ClassNotFoundException'{0x000000070ea59bf0}: org/springframework/context/annotation/ConfigurationClassPostProcessorCustomizer> (0x000000070ea59bf0) 
thrown [./open/src/hotspot/share/classfile/systemDictionary.cpp, line 226]
Event: 1.282 Thread 0x000002546a02a800 Exception <a 'java/lang/ClassNotFoundException'{0x000000070e848cb8}: org/springframework/beans/factory/support/BeanDefinitionRegistryPostProcessorCustomizer> (0x000000070e848cb8) 
thrown [./open/src/hotspot/share/classfile/systemDictionary.cpp, line 226]
Event: 1.283 Thread 0x000002546a02a800 Exception <a 'java/lang/ClassNotFoundException'{0x000000070e85d720}: org/springframework/beans/factory/config/BeanFactoryPostProcessorCustomizer> (0x000000070e85d720) 
thrown [./open/src/hotspot/share/classfile/systemDictionary.cpp, line 226]
Event: 1.283 Thread 0x000002546a02a800 Exception <a 'java/lang/ClassNotFoundException'{0x000000070e86ec88}: org/springframework/core/PriorityOrderedCustomizer> (0x000000070e86ec88) 
thrown [./open/src/hotspot/share/classfile/systemDictionary.cpp, line 226]
Event: 1.284 Thread 0x000002546a02a800 Exception <a 'java/lang/ClassNotFoundException'{0x000000070e87deb8}: org/springframework/core/OrderedCustomizer> (0x000000070e87deb8) 
thrown [./open/src/hotspot/share/classfile/systemDictionary.cpp, line 226]
Event: 1.284 Thread 0x000002546a02a800 Exception <a 'java/lang/ClassNotFoundException'{0x000000070e70f9e0}: org/springframework/context/ResourceLoaderAwareCustomizer> (0x000000070e70f9e0) 
thrown [./open/src/hotspot/share/classfile/systemDictionary.cpp, line 226]
Event: 1.285 Thread 0x000002546a02a800 Exception <a 'java/lang/ClassNotFoundException'{0x000000070e720a00}: org/springframework/beans/factory/AwareCustomizer> (0x000000070e720a00) 
thrown [./open/src/hotspot/share/classfile/systemDictionary.cpp, line 226]
Event: 1.285 Thread 0x000002546a02a800 Exception <a 'java/lang/ClassNotFoundException'{0x000000070e7324e8}: org/springframework/context/ApplicationStartupAwareCustomizer> (0x000000070e7324e8) 
thrown [./open/src/hotspot/share/classfile/systemDictionary.cpp, line 226]
Event: 1.285 Thread 0x000002546a02a800 Exception <a 'java/lang/ClassNotFoundException'{0x000000070e743780}: org/springframework/beans/factory/AwareCustomizer> (0x000000070e743780) 
thrown [./open/src/hotspot/share/classfile/systemDictionary.cpp, line 226]
Event: 1.286 Thread 0x000002546a02a800 Exception <a 'java/lang/ClassNotFoundException'{0x000000070e7556a0}: org/springframework/beans/factory/BeanClassLoaderAwareCustomizer> (0x000000070e7556a0) 
thrown [./open/src/hotspot/share/classfile/systemDictionary.cpp, line 226]
Event: 1.286 Thread 0x000002546a02a800 Exception <a 'java/lang/ClassNotFoundException'{0x000000070e7666d8}: org/springframework/beans/factory/AwareCustomizer> (0x000000070e7666d8) 
thrown [./open/src/hotspot/share/classfile/systemDictionary.cpp, line 226]
Event: 1.287 Thread 0x000002546a02a800 Exception <a 'java/lang/ClassNotFoundException'{0x000000070e777418}: org/springframework/context/EnvironmentAwareCustomizer> (0x000000070e777418) 
thrown [./open/src/hotspot/share/classfile/systemDictionary.cpp, line 226]
Event: 1.287 Thread 0x000002546a02a800 Exception <a 'java/lang/ClassNotFoundException'{0x000000070e788660}: org/springframework/beans/factory/AwareCustomizer> (0x000000070e788660) 
thrown [./open/src/hotspot/share/classfile/systemDictionary.cpp, line 226]

Events (20 events):
Event: 1.273 loading class java/lang/WeakPairMap$Pair$Weak done
Event: 1.273 loading class java/lang/WeakPairMap$Pair$Weak$1
Event: 1.273 loading class java/lang/WeakPairMap$Pair$Weak$1 done
Event: 1.275 loading class com/sun/beans/introspect/PropertyInfo$Name
Event: 1.275 loading class com/sun/beans/introspect/PropertyInfo$Name done
Event: 1.275 loading class java/beans/GenericBeanInfo
Event: 1.275 loading class java/beans/SimpleBeanInfo
Event: 1.275 loading class java/beans/SimpleBeanInfo done
Event: 1.275 loading class java/beans/GenericBeanInfo done
Event: 1.276 loading class java/util/Hashtable$EntrySet
Event: 1.276 loading class java/util/Hashtable$EntrySet done
Event: 1.289 loading class java/util/concurrent/ConcurrentLinkedDeque$Itr
Event: 1.289 loading class java/util/concurrent/ConcurrentLinkedDeque$AbstractItr
Event: 1.289 loading class java/util/concurrent/ConcurrentLinkedDeque$AbstractItr done
Event: 1.289 loading class java/util/concurrent/ConcurrentLinkedDeque$Itr done
Event: 1.295 loading class java/net/SocketException
Event: 1.295 loading class java/net/SocketException done
Event: 1.296 Executing VM operation: HandshakeAllThreads
Event: 1.297 Executing VM operation: HandshakeAllThreads done
Event: 1.299 Executing VM operation: CollectForMetadataAllocation


Dynamic libraries:
0x00007ff6a5b60000 - 0x00007ff6a5b6f000 	C:\Program Files\Java\jdk-14.0.2\bin\java.exe
0x00007fff635d0000 - 0x00007fff637c5000 	C:\WINDOWS\SYSTEM32\ntdll.dll
0x00007fff62260000 - 0x00007fff6231d000 	C:\WINDOWS\System32\KERNEL32.DLL
0x00007fff61370000 - 0x00007fff61638000 	C:\WINDOWS\System32\KERNELBASE.dll
0x00007fff61240000 - 0x00007fff61340000 	C:\WINDOWS\System32\ucrtbase.dll
0x00007fff33450000 - 0x00007fff33465000 	C:\Program Files\Java\jdk-14.0.2\bin\VCRUNTIME140.dll
0x00007fff53e80000 - 0x00007fff53e98000 	C:\Program Files\Java\jdk-14.0.2\bin\jli.dll
0x00007fff62130000 - 0x00007fff621dc000 	C:\WINDOWS\System32\ADVAPI32.dll
0x00007fff61880000 - 0x00007fff6191e000 	C:\WINDOWS\System32\msvcrt.dll
0x00007fff62450000 - 0x00007fff624eb000 	C:\WINDOWS\System32\sechost.dll
0x00007fff625d0000 - 0x00007fff626fb000 	C:\WINDOWS\System32\RPCRT4.dll
0x00007fff61b80000 - 0x00007fff61d20000 	C:\WINDOWS\System32\USER32.dll
0x00007fff61340000 - 0x00007fff61362000 	C:\WINDOWS\System32\win32u.dll
0x00007fff565e0000 - 0x00007fff5687a000 	C:\WINDOWS\WinSxS\amd64_microsoft.windows.common-controls_6595b64144ccf1df_6.0.19041.1052_none_60b8f8fd71f5e8cb\COMCTL32.dll
0x00007fff61850000 - 0x00007fff6187a000 	C:\WINDOWS\System32\GDI32.dll
0x00007fff61080000 - 0x00007fff6118b000 	C:\WINDOWS\System32\gdi32full.dll
0x00007fff60f50000 - 0x00007fff60fed000 	C:\WINDOWS\System32\msvcp_win.dll
0x00007fff5a6a0000 - 0x00007fff5a6aa000 	C:\WINDOWS\SYSTEM32\VERSION.dll
0x00007fff61990000 - 0x00007fff619c0000 	C:\WINDOWS\System32\IMM32.DLL
0x00007ffefc6c0000 - 0x00007ffefc75b000 	C:\Program Files\Java\jdk-14.0.2\bin\msvcp140.dll
0x00007ffef7fc0000 - 0x00007ffef8ade000 	C:\Program Files\Java\jdk-14.0.2\bin\server\jvm.dll
0x00007fff63430000 - 0x00007fff63438000 	C:\WINDOWS\System32\PSAPI.DLL
0x00007fff46c00000 - 0x00007fff46c09000 	C:\WINDOWS\SYSTEM32\WSOCK32.dll
0x00007fff58930000 - 0x00007fff58957000 	C:\WINDOWS\SYSTEM32\WINMM.dll
0x00007fff63500000 - 0x00007fff6356b000 	C:\WINDOWS\System32\WS2_32.dll
0x00007fff5ec60000 - 0x00007fff5ec72000 	C:\WINDOWS\SYSTEM32\kernel.appcore.dll
0x00007fff374c0000 - 0x00007fff374ca000 	C:\Program Files\Java\jdk-14.0.2\bin\jimage.dll
0x00007fff514d0000 - 0x00007fff516b4000 	C:\WINDOWS\SYSTEM32\DBGHELP.DLL
0x00007fff50db0000 - 0x00007fff50ddc000 	C:\WINDOWS\SYSTEM32\dbgcore.DLL
0x00007fff60ff0000 - 0x00007fff61073000 	C:\WINDOWS\System32\bcryptPrimitives.dll
0x00007fff2cbc0000 - 0x00007fff2cbe5000 	C:\Program Files\Java\jdk-14.0.2\bin\java.dll
0x00007fff293c0000 - 0x00007fff293d6000 	C:\Program Files\Java\jdk-14.0.2\bin\zip.dll
0x00007fff62cf0000 - 0x00007fff6342f000 	C:\WINDOWS\System32\SHELL32.dll
0x00007fff5ee60000 - 0x00007fff5f5f0000 	C:\WINDOWS\SYSTEM32\windows.storage.dll
0x00007fff61d20000 - 0x00007fff62075000 	C:\WINDOWS\System32\combase.dll
0x00007fff606b0000 - 0x00007fff606dc000 	C:\WINDOWS\SYSTEM32\Wldp.dll
0x00007fff62b70000 - 0x00007fff62c1e000 	C:\WINDOWS\System32\SHCORE.dll
0x00007fff634a0000 - 0x00007fff634f5000 	C:\WINDOWS\System32\shlwapi.dll
0x00007fff60c50000 - 0x00007fff60c6f000 	C:\WINDOWS\SYSTEM32\profapi.dll
0x00007fff293a0000 - 0x00007fff293b9000 	C:\Program Files\Java\jdk-14.0.2\bin\net.dll
0x00007fff59c10000 - 0x00007fff59d1b000 	C:\WINDOWS\SYSTEM32\WINHTTP.dll
0x00007fff60420000 - 0x00007fff6048a000 	C:\WINDOWS\system32\mswsock.dll
0x00007fff10d50000 - 0x00007fff10d62000 	C:\Program Files\Java\jdk-14.0.2\bin\nio.dll
0x00007fff33440000 - 0x00007fff33449000 	C:\Program Files\Java\jdk-14.0.2\bin\management.dll
0x00007fff332f0000 - 0x00007fff332fb000 	C:\Program Files\Java\jdk-14.0.2\bin\management_ext.dll
0x00007fff34470000 - 0x00007fff34480000 	C:\Program Files\Java\jdk-14.0.2\bin\verify.dll
0x00007fff50760000 - 0x00007fff50777000 	C:\WINDOWS\system32\napinsp.dll
0x00007fff4cfc0000 - 0x00007fff4cfdb000 	C:\WINDOWS\system32\pnrpnsp.dll
0x00007fff47700000 - 0x00007fff47715000 	C:\WINDOWS\system32\wshbth.dll
0x00007fff5c770000 - 0x00007fff5c78d000 	C:\WINDOWS\system32\NLAapi.dll
0x00007fff60110000 - 0x00007fff6014b000 	C:\WINDOWS\SYSTEM32\IPHLPAPI.DLL
0x00007fff60150000 - 0x00007fff6021c000 	C:\WINDOWS\SYSTEM32\DNSAPI.dll
0x00007fff61920000 - 0x00007fff61928000 	C:\WINDOWS\System32\NSI.dll
0x00007fff476a0000 - 0x00007fff476b2000 	C:\WINDOWS\System32\winrnr.dll
0x00007fff53b30000 - 0x00007fff53b3a000 	C:\Windows\System32\rasadhlp.dll
0x00007fff53fd0000 - 0x00007fff5404f000 	C:\WINDOWS\System32\fwpuclnt.dll
0x00007fff60d10000 - 0x00007fff60d37000 	C:\WINDOWS\System32\bcrypt.dll

dbghelp: loaded successfully - version: 4.0.5 - missing functions: none
symbol engine: initialized successfully - sym options: 0x614 - pdb path: .;C:\Program Files\Java\jdk-14.0.2\bin;C:\WINDOWS\SYSTEM32;C:\WINDOWS\WinSxS\amd64_microsoft.windows.common-controls_6595b64144ccf1df_6.0.19041.1052_none_60b8f8fd71f5e8cb;C:\Program Files\Java\jdk-14.0.2\bin\server

VM Arguments:
java_command: C:\Users\tolot\AppData\Local\Temp\surefire11079135965040756885\surefirebooter954497265494426767.jar C:\Users\tolot\AppData\Local\Temp\surefire11079135965040756885 2021-06-17T14-37-12_700-jvmRun1 surefire18026889190234063352tmp surefire_017770692796940529366tmp
java_class_path (initial): C:\Users\tolot\AppData\Local\Temp\surefire11079135965040756885\surefirebooter954497265494426767.jar
Launcher Type: SUN_STANDARD

[Global flags]
     intx CICompilerCount                          = 4                                         {product} {ergonomic}
     uint ConcGCThreads                            = 2                                         {product} {ergonomic}
     uint G1ConcRefinementThreads                  = 8                                         {product} {ergonomic}
   size_t G1HeapRegionSize                         = 1048576                                   {product} {ergonomic}
    uintx GCDrainStackTargetSize                   = 64                                        {product} {ergonomic}
   size_t InitialHeapSize                          = 268435456                                 {product} {ergonomic}
   size_t MarkStackSize                            = 4194304                                   {product} {ergonomic}
   size_t MaxHeapSize                              = 4273995776                                {product} {ergonomic}
   size_t MaxNewSize                               = 2563768320                                {product} {ergonomic}
   size_t MinHeapDeltaBytes                        = 1048576                                   {product} {ergonomic}
   size_t MinHeapSize                              = 8388608                                   {product} {ergonomic}
    uintx NonNMethodCodeHeapSize                   = 5839372                                {pd product} {ergonomic}
    uintx NonProfiledCodeHeapSize                  = 122909434                              {pd product} {ergonomic}
    uintx ProfiledCodeHeapSize                     = 122909434                              {pd product} {ergonomic}
    uintx ReservedCodeCacheSize                    = 251658240                              {pd product} {ergonomic}
     bool SegmentedCodeCache                       = true                                      {product} {ergonomic}
   size_t SoftMaxHeapSize                          = 4273995776                             {manageable} {ergonomic}
     bool UseCompressedClassPointers               = true                                 {lp64_product} {ergonomic}
     bool UseCompressedOops                        = true                                 {lp64_product} {ergonomic}
     bool UseG1GC                                  = true                                      {product} {ergonomic}
     bool UseLargePagesIndividualAllocation        = false                                  {pd product} {ergonomic}

Logging:
Log output configuration:
 #0: stdout all=warning uptime,level,tags
 #1: stderr all=off uptime,level,tags

Environment Variables:
JAVA_HOME=C:\Program Files\Java\jdk-14.0.2
PATH=C:\app\Tolotra\bin;C:\Program Files (x86)\Common Files\Oracle\Java\javapath;C:\Program Files\AdoptOpenJDK\jdk-11.0.9.101-hotspot\bin;C:\WINDOWS\system32;C:\WINDOWS;C:\WINDOWS\System32\Wbem;C:\WINDOWS\System32\WindowsPowerShell\v1.0\;C:\WINDOWS\System32\OpenSSH\;C:\Program Files\NVIDIA Corporation\NVIDIA NvDLISR;C:\Program Files\Microsoft SQL Server\130\Tools\Binn\;C:\Program Files\Microsoft SQL Server\Client SDK\ODBC\170\Tools\Binn\;C:\Program Files\nodejs\;C:\Program Files\Java\jdk-14.0.2\bin;C:\Program Files\PuTTY\;C:\grails\grails-4.0.5;C:\Program Files\Java\jdk-11.0.9.101-hotspot;C:\grails\grails-4.0.5\bin;C:\Program Files (x86)\Microsoft SQL Server\150\Tools\Binn\;C:\Program Files\Microsoft SQL Server\150\Tools\Binn\;C:\Program Files\Microsoft SQL Server\150\DTS\Binn\;C:\Program Files (x86)\Microsoft SQL Server\150\DTS\Binn\;C:\Program Files\Azure Data Studio\bin;C:\Program Files\Java\jdk1.8.0_281\bin;C:\Program Files\Git\cmd;C:\WINDOWS\system32;C:\WINDOWS;C:\WINDOWS\System32\Wbem;C:\WINDOWS\System32\WindowsPowerShell\v1.0\;C:\WINDOWS\System32\OpenSSH\;C:\Program Files\MySQL\MySQL Shell 8.0\bin\;C:\Users\tolot\AppData\Local\Microsoft\WindowsApps;C:\Users\tolot\AppData\Roaming\npm;C:\Program Files\Azure Data Studio\bin;C:\Users\tolot\AppData\Local\GitHubDesktop\bin;C:\Users\tolot\AppData\Local\Programs\Microsoft VS Code\bin
USERNAME=tolot
OS=Windows_NT
PROCESSOR_IDENTIFIER=Intel64 Family 6 Model 60 Stepping 3, GenuineIntel



---------------  S Y S T E M  ---------------

OS: Windows 10 , 64 bit Build 19041 (10.0.19041.1023)
OS uptime: 0 days 5:04 hours

CPU:total 8 (initial active 8) (4 cores per cpu, 2 threads per core) family 6 model 60 stepping 3, cmov, cx8, fxsr, mmx, sse, sse2, sse3, ssse3, sse4.1, sse4.2, popcnt, avx, avx2, aes, clmul, erms, lzcnt, ht, tsc, tscinvbit, bmi1, bmi2, fma

Memory: 4k page, system-wide physical 16302M (5061M free)
TotalPageFile size 20398M (AvailPageFile size 10M)
current process WorkingSet (physical memory assigned to process): 150M, peak: 150M
current process commit charge ("private bytes"): 402M, peak: 403M

vm_info: Java HotSpot(TM) 64-Bit Server VM (14.0.2+12-46) for windows-amd64 JRE (14.0.2+12-46), built on Jul  9 2020 00:35:52 by "mach5one" with MS VC++ 15.9 (VS2017)

END.
