#
# There is insufficient memory for the Java Runtime Environment to continue.
# Native memory allocation (malloc) failed to allocate 1048576 bytes for AllocateHeap
# Possible reasons:
#   The system is out of physical RAM or swap space
#   The process is running with CompressedOops enabled, and the Java Heap may be blocking the growth of the native heap
# Possible solutions:
#   Reduce memory load on the system
#   Increase physical memory or swap space
#   Check if swap backing store is full
#   Decrease Java heap size (-Xmx/-Xms)
#   Decrease number of Java threads
#   Decrease Java thread stack sizes (-Xss)
#   Set larger code cache with -XX:ReservedCodeCacheSize=
#   JVM is running with Unscaled Compressed Oops mode in which the Java heap is
#     placed in the first 4GB address space. The Java Heap base address is the
#     maximum limit for the native heap growth. Please use -XX:HeapBaseMinAddress
#     to set the Java Heap base and to place the Java Heap above 4GB virtual address.
# This output file may be truncated or incomplete.
#
#  Out of Memory Error (./open/src/hotspot/share/memory/allocation.cpp:44), pid=3040, tid=15756
#
# JRE version:  (14.0.2+12) (build )
# Java VM: Java HotSpot(TM) 64-Bit Server VM (14.0.2+12-46, mixed mode, sharing, tiered, compressed oops, g1 gc, windows-amd64)
# No core dump will be written. Minidumps are not enabled by default on client versions of Windows
#

---------------  S U M M A R Y ------------

Command Line: C:\Users\tolot\AppData\Local\Temp\surefire10279807011560619722\surefirebooter7457473186449236714.jar C:\Users\tolot\AppData\Local\Temp\surefire10279807011560619722 2021-06-17T14-35-17_582-jvmRun1 surefire6661160524409263910tmp surefire_015998793865328404876tmp

Host: Intel(R) Core(TM) i7-4810MQ CPU @ 2.80GHz, 8 cores, 15G,  Windows 10 , 64 bit Build 19041 (10.0.19041.1023)
Time: Thu Jun 17 14:35:17 2021 Afrique de l’Est elapsed time: 0 seconds (0d 0h 0m 0s)

---------------  T H R E A D  ---------------

Current thread (0x000001aaad6db000):  JavaThread "Unknown thread" [_thread_in_vm, id=15756, stack(0x0000006c56000000,0x0000006c56100000)]

Stack: [0x0000006c56000000,0x0000006c56100000]
Native frames: (J=compiled Java code, j=interpreted, Vv=VM code, C=native code)
V  [jvm.dll+0x5f8a9a]
V  [jvm.dll+0x74247a]
V  [jvm.dll+0x743c2f]
V  [jvm.dll+0x744273]
V  [jvm.dll+0x20d288]
V  [jvm.dll+0xa2b2f]
V  [jvm.dll+0x29c03d]
V  [jvm.dll+0x71fd38]
V  [jvm.dll+0x321c14]
V  [jvm.dll+0x70112c]
V  [jvm.dll+0x392def]
V  [jvm.dll+0x394e61]
C  [jli.dll+0x524b]
C  [ucrtbase.dll+0x21bb2]
C  [KERNEL32.DLL+0x17034]
C  [ntdll.dll+0x52651]


---------------  P R O C E S S  ---------------

Threads class SMR info:
_java_thread_list=0x00007ffef8a43038, length=0, elements={
}

Java Threads: ( => current thread )

Other Threads:

[error occurred during error reporting (printing all threads), id 0xc0000005, EXCEPTION_ACCESS_VIOLATION (0xc0000005) at pc=0x00007ffef86c6427]

VM state:not at safepoint (not fully initialized)

VM Mutex/Monitor currently owned by a thread: None

Heap address: 0x0000000000000000, size: 0 MB, Compressed Oops mode: 32-bit
Narrow klass base: 0x0000000000000000, Narrow klass shift: 0

GC Heap History (0 events):
No events

Deoptimization events (0 events):
No events

Classes unloaded (0 events):
No events

Classes redefined (0 events):
No events

Internal exceptions (0 events):
No events

Events (2 events):
Event: 0.006 Loaded shared library C:\Program Files\Java\jdk-14.0.2\bin\java.dll
Event: 0.006 Loaded shared library C:\Program Files\Java\jdk-14.0.2\bin\zip.dll


Dynamic libraries:
0x00007ff6a5b60000 - 0x00007ff6a5b6f000 	C:\Program Files\Java\jdk-14.0.2\bin\java.exe
0x00007fff635d0000 - 0x00007fff637c5000 	C:\WINDOWS\SYSTEM32\ntdll.dll
0x00007fff62260000 - 0x00007fff6231d000 	C:\WINDOWS\System32\KERNEL32.DLL
0x00007fff61370000 - 0x00007fff61638000 	C:\WINDOWS\System32\KERNELBASE.dll
0x00007fff61240000 - 0x00007fff61340000 	C:\WINDOWS\System32\ucrtbase.dll
0x00007fff33450000 - 0x00007fff33465000 	C:\Program Files\Java\jdk-14.0.2\bin\VCRUNTIME140.dll
0x00007fff53e80000 - 0x00007fff53e98000 	C:\Program Files\Java\jdk-14.0.2\bin\jli.dll
0x00007fff62130000 - 0x00007fff621dc000 	C:\WINDOWS\System32\ADVAPI32.dll
0x00007fff61880000 - 0x00007fff6191e000 	C:\WINDOWS\System32\msvcrt.dll
0x00007fff62450000 - 0x00007fff624eb000 	C:\WINDOWS\System32\sechost.dll
0x00007fff625d0000 - 0x00007fff626fb000 	C:\WINDOWS\System32\RPCRT4.dll
0x00007fff61b80000 - 0x00007fff61d20000 	C:\WINDOWS\System32\USER32.dll
0x00007fff61340000 - 0x00007fff61362000 	C:\WINDOWS\System32\win32u.dll
0x00007fff61850000 - 0x00007fff6187a000 	C:\WINDOWS\System32\GDI32.dll
0x00007fff565e0000 - 0x00007fff5687a000 	C:\WINDOWS\WinSxS\amd64_microsoft.windows.common-controls_6595b64144ccf1df_6.0.19041.1052_none_60b8f8fd71f5e8cb\COMCTL32.dll
0x00007fff61080000 - 0x00007fff6118b000 	C:\WINDOWS\System32\gdi32full.dll
0x00007fff60f50000 - 0x00007fff60fed000 	C:\WINDOWS\System32\msvcp_win.dll
0x00007fff5a6a0000 - 0x00007fff5a6aa000 	C:\WINDOWS\SYSTEM32\VERSION.dll
0x00007fff61990000 - 0x00007fff619c0000 	C:\WINDOWS\System32\IMM32.DLL
0x00007ffefc6c0000 - 0x00007ffefc75b000 	C:\Program Files\Java\jdk-14.0.2\bin\msvcp140.dll
0x00007ffef7fc0000 - 0x00007ffef8ade000 	C:\Program Files\Java\jdk-14.0.2\bin\server\jvm.dll
0x00007fff63430000 - 0x00007fff63438000 	C:\WINDOWS\System32\PSAPI.DLL
0x00007fff46c00000 - 0x00007fff46c09000 	C:\WINDOWS\SYSTEM32\WSOCK32.dll
0x00007fff58930000 - 0x00007fff58957000 	C:\WINDOWS\SYSTEM32\WINMM.dll
0x00007fff63500000 - 0x00007fff6356b000 	C:\WINDOWS\System32\WS2_32.dll
0x00007fff5ec60000 - 0x00007fff5ec72000 	C:\WINDOWS\SYSTEM32\kernel.appcore.dll
0x00007fff374c0000 - 0x00007fff374ca000 	C:\Program Files\Java\jdk-14.0.2\bin\jimage.dll
0x00007fff514d0000 - 0x00007fff516b4000 	C:\WINDOWS\SYSTEM32\DBGHELP.DLL
0x00007fff50db0000 - 0x00007fff50ddc000 	C:\WINDOWS\SYSTEM32\dbgcore.DLL
0x00007fff60ff0000 - 0x00007fff61073000 	C:\WINDOWS\System32\bcryptPrimitives.dll
0x00007fff2cbc0000 - 0x00007fff2cbe5000 	C:\Program Files\Java\jdk-14.0.2\bin\java.dll
0x00007fff293c0000 - 0x00007fff293d6000 	C:\Program Files\Java\jdk-14.0.2\bin\zip.dll

dbghelp: loaded successfully - version: 4.0.5 - missing functions: none
symbol engine: initialized successfully - sym options: 0x614 - pdb path: .;C:\Program Files\Java\jdk-14.0.2\bin;C:\WINDOWS\SYSTEM32;C:\WINDOWS\WinSxS\amd64_microsoft.windows.common-controls_6595b64144ccf1df_6.0.19041.1052_none_60b8f8fd71f5e8cb;C:\Program Files\Java\jdk-14.0.2\bin\server

VM Arguments:
java_command: C:\Users\tolot\AppData\Local\Temp\surefire10279807011560619722\surefirebooter7457473186449236714.jar C:\Users\tolot\AppData\Local\Temp\surefire10279807011560619722 2021-06-17T14-35-17_582-jvmRun1 surefire6661160524409263910tmp surefire_015998793865328404876tmp
java_class_path (initial): C:\Users\tolot\AppData\Local\Temp\surefire10279807011560619722\surefirebooter7457473186449236714.jar
Launcher Type: SUN_STANDARD

[Global flags]
     intx CICompilerCount                          = 4                                         {product} {ergonomic}
     uint G1ConcRefinementThreads                  = 8                                         {product} {ergonomic}
   size_t G1HeapRegionSize                         = 1048576                                   {product} {ergonomic}
    uintx GCDrainStackTargetSize                   = 64                                        {product} {ergonomic}
   size_t InitialHeapSize                          = 268435456                                 {product} {ergonomic}
   size_t MaxHeapSize                              = 4273995776                                {product} {ergonomic}
   size_t MinHeapDeltaBytes                        = 1048576                                   {product} {ergonomic}
   size_t MinHeapSize                              = 8388608                                   {product} {ergonomic}
    uintx NonNMethodCodeHeapSize                   = 5839372                                {pd product} {ergonomic}
    uintx NonProfiledCodeHeapSize                  = 122909434                              {pd product} {ergonomic}
    uintx ProfiledCodeHeapSize                     = 122909434                              {pd product} {ergonomic}
    uintx ReservedCodeCacheSize                    = 251658240                              {pd product} {ergonomic}
     bool SegmentedCodeCache                       = true                                      {product} {ergonomic}
   size_t SoftMaxHeapSize                          = 4273995776                             {manageable} {ergonomic}
     bool UseCompressedClassPointers               = true                                 {lp64_product} {ergonomic}
     bool UseCompressedOops                        = true                                 {lp64_product} {ergonomic}
     bool UseG1GC                                  = true                                      {product} {ergonomic}
     bool UseLargePagesIndividualAllocation        = false                                  {pd product} {ergonomic}

Logging:
Log output configuration:
 #0: stdout all=warning uptime,level,tags
 #1: stderr all=off uptime,level,tags

Environment Variables:
JAVA_HOME=C:\Program Files\Java\jdk-14.0.2
PATH=C:\app\Tolotra\bin;C:\Program Files (x86)\Common Files\Oracle\Java\javapath;C:\Program Files\AdoptOpenJDK\jdk-11.0.9.101-hotspot\bin;C:\WINDOWS\system32;C:\WINDOWS;C:\WINDOWS\System32\Wbem;C:\WINDOWS\System32\WindowsPowerShell\v1.0\;C:\WINDOWS\System32\OpenSSH\;C:\Program Files\NVIDIA Corporation\NVIDIA NvDLISR;C:\Program Files\Microsoft SQL Server\130\Tools\Binn\;C:\Program Files\Microsoft SQL Server\Client SDK\ODBC\170\Tools\Binn\;C:\Program Files\nodejs\;C:\Program Files\Java\jdk-14.0.2\bin;C:\Program Files\PuTTY\;C:\grails\grails-4.0.5;C:\Program Files\Java\jdk-11.0.9.101-hotspot;C:\grails\grails-4.0.5\bin;C:\Program Files (x86)\Microsoft SQL Server\150\Tools\Binn\;C:\Program Files\Microsoft SQL Server\150\Tools\Binn\;C:\Program Files\Microsoft SQL Server\150\DTS\Binn\;C:\Program Files (x86)\Microsoft SQL Server\150\DTS\Binn\;C:\Program Files\Azure Data Studio\bin;C:\Program Files\Java\jdk1.8.0_281\bin;C:\Program Files\Git\cmd;C:\WINDOWS\system32;C:\WINDOWS;C:\WINDOWS\System32\Wbem;C:\WINDOWS\System32\WindowsPowerShell\v1.0\;C:\WINDOWS\System32\OpenSSH\;C:\Program Files\MySQL\MySQL Shell 8.0\bin\;C:\Users\tolot\AppData\Local\Microsoft\WindowsApps;C:\Users\tolot\AppData\Roaming\npm;C:\Program Files\Azure Data Studio\bin;C:\Users\tolot\AppData\Local\GitHubDesktop\bin;C:\Users\tolot\AppData\Local\Programs\Microsoft VS Code\bin
USERNAME=tolot
OS=Windows_NT
PROCESSOR_IDENTIFIER=Intel64 Family 6 Model 60 Stepping 3, GenuineIntel



---------------  S Y S T E M  ---------------

OS: Windows 10 , 64 bit Build 19041 (10.0.19041.1023)
OS uptime: 0 days 5:02 hours

CPU:total 8 (initial active 8) (4 cores per cpu, 2 threads per core) family 6 model 60 stepping 3, cmov, cx8, fxsr, mmx, sse, sse2, sse3, ssse3, sse4.1, sse4.2, popcnt, avx, avx2, aes, clmul, erms, lzcnt, ht, tsc, tscinvbit, bmi1, bmi2, fma

Memory: 4k page, system-wide physical 16302M (5181M free)
TotalPageFile size 20398M (AvailPageFile size 9M)
current process WorkingSet (physical memory assigned to process): 9M, peak: 9M
current process commit charge ("private bytes"): 18M, peak: 19M

vm_info: Java HotSpot(TM) 64-Bit Server VM (14.0.2+12-46) for windows-amd64 JRE (14.0.2+12-46), built on Jul  9 2020 00:35:52 by "mach5one" with MS VC++ 15.9 (VS2017)

END.
